This is pdfTeX, Version 3.1415926-1.40.10 (TeX Live 2009) (format=pdflatex 2009.11.7)  11 JUL 2012 13:28
entering extended mode
 \write18 enabled.
 file:line:error style messages enabled.
 %&-line parsing enabled.
**bgaPEST_post_ed.tex
(./bgaPEST_post_ed.tex
LaTeX2e <2009/09/24>
Babel <v3.8l> and hyphenation patterns for english, usenglishmax, dumylang, noh
yphenation, german-x-2009-06-19, ngerman-x-2009-06-19, ancientgreek, ibycus, ar
abic, basque, bulgarian, catalan, pinyin, coptic, croatian, czech, danish, dutc
h, esperanto, estonian, farsi, finnish, french, galician, german, ngerman, mono
greek, greek, hungarian, icelandic, indonesian, interlingua, irish, italian, ku
rmanji, latin, latvian, lithuanian, mongolian, mongolian2a, bokmal, nynorsk, po
lish, portuguese, romanian, russian, sanskrit, serbian, slovak, slovenian, span
ish, swedish, turkish, ukenglish, ukrainian, uppersorbian, welsh, loaded.
(/Users/mnfienen1/Library/texmf/tex/latex/latex/usgsreport.cls
Document Class: usgsreport 2006/12/03 (W. Asquith)
(/usr/local/texlive/2009/texmf-dist/tex/latex/base/article.cls
Document Class: article 2007/10/19 v1.4h Standard LaTeX document class
(/usr/local/texlive/2009/texmf-dist/tex/latex/base/size11.clo
File: size11.clo 2007/10/19 v1.4h Standard LaTeX file (size option)
)
\c@part=\count79
\c@section=\count80
\c@subsection=\count81
\c@subsubsection=\count82
\c@paragraph=\count83
\c@subparagraph=\count84
\c@figure=\count85
\c@table=\count86
\abovecaptionskip=\skip41
\belowcaptionskip=\skip42
\bibindent=\dimen102
))
(/Users/mnfienen1/Library/texmf/tex/latex/latex/usgsfonts.sty
Package: usgsfonts 2008/05/28

(/usr/local/texlive/2009/texmf-dist/tex/latex/base/ifthen.sty
Package: ifthen 2001/05/26 v1.1c Standard LaTeX ifthen package (DPC)
)
(/usr/local/texlive/2009/texmf-dist/tex/latex/base/fontenc.sty
Package: fontenc 2005/09/27 v1.99g Standard LaTeX package

(/usr/local/texlive/2009/texmf-dist/tex/latex/base/ot1enc.def
File: ot1enc.def 2005/09/27 v1.99g Standard LaTeX file
LaTeX Font Info:    Redeclaring font encoding OT1 on input line 43.
))
COMMANDS FOR FONTS IN USGS REPORTS
MARGIN KERNING NOT REQUESTED
) (/Users/mnfienen1/Library/texmf/tex/latex/latex/usgsgeo.sty
Package: usgsgeo 2007/12/24

(/usr/local/texlive/2009/texmf-dist/tex/latex/geometry/geometry.sty
Package: geometry 2008/12/21 v4.2 Page Geometry

(/usr/local/texlive/2009/texmf-dist/tex/latex/graphics/keyval.sty
Package: keyval 1999/03/16 v1.13 key=value parser (DPC)
\KV@toks@=\toks14
)
(/usr/local/texlive/2009/texmf-dist/tex/generic/oberdiek/ifpdf.sty
Package: ifpdf 2009/04/10 v2.0 Provides the ifpdf switch (HO)
Package ifpdf Info: pdfTeX in pdf mode detected.
)
(/usr/local/texlive/2009/texmf-dist/tex/generic/oberdiek/ifvtex.sty
Package: ifvtex 2008/11/04 v1.4 Switches for detecting VTeX and its modes (HO)
Package ifvtex Info: VTeX not detected.
)
\Gm@cnth=\count87
\Gm@cntv=\count88
\c@Gm@tempcnt=\count89
\Gm@bindingoffset=\dimen103
\Gm@wd@mp=\dimen104
\Gm@odd@mp=\dimen105
\Gm@even@mp=\dimen106
\Gm@dimlist=\toks15

(/usr/local/texlive/2009/texmf-dist/tex/xelatex/xetexconfig/geometry.cfg)))
(/Users/mnfienen1/Library/texmf/tex/latex/latex/usgsreporta.sty
Package: usgsreporta 2008/07/18

(/usr/local/texlive/2009/texmf-dist/tex/latex/setspace/setspace.sty
Package: setspace 2000/12/01 6.7 Contributed and Supported LaTeX2e package

Package: `setspace' 6.7 <2000/12/01>
) (/usr/local/texlive/2009/texmf-dist/tex/latex/tools/indentfirst.sty
Package: indentfirst 1995/11/23 v1.03 Indent first paragraph (DPC)
)
(/usr/local/texlive/2009/texmf-dist/tex/latex/eepic/epic.sty
Enhancements to Picture Environment. Version 1.2 - Released June 1, 1986
\@@multicnt=\count90
\d@lta=\count91
\@delta=\dimen107
\@@delta=\dimen108
\@gridcnt=\count92
\@joinkind=\count93
\@dotgap=\dimen109
\@ddotgap=\dimen110
\@x@diff=\count94
\@y@diff=\count95
\x@diff=\dimen111
\y@diff=\dimen112
\@dotbox=\box26
\num@segments=\count96
\num@segmentsi=\count97
\@datafile=\read1
) (/usr/local/texlive/2009/texmf-dist/tex/latex/graphics/graphicx.sty
Package: graphicx 1999/02/16 v1.0f Enhanced LaTeX Graphics (DPC,SPQR)

(/usr/local/texlive/2009/texmf-dist/tex/latex/graphics/graphics.sty
Package: graphics 2009/02/05 v1.0o Standard LaTeX Graphics (DPC,SPQR)

(/usr/local/texlive/2009/texmf-dist/tex/latex/graphics/trig.sty
Package: trig 1999/03/16 v1.09 sin cos tan (DPC)
)
(/usr/local/texlive/2009/texmf-dist/tex/latex/latexconfig/graphics.cfg
File: graphics.cfg 2009/08/28 v1.8 graphics configuration of TeX Live
)
Package graphics Info: Driver file: pdftex.def on input line 91.

(/usr/local/texlive/2009/texmf-dist/tex/latex/pdftex-def/pdftex.def
File: pdftex.def 2009/08/25 v0.04m Graphics/color for pdfTeX
\Gread@gobject=\count98
))
\Gin@req@height=\dimen113
\Gin@req@width=\dimen114
)
(/usr/local/texlive/2009/texmf-dist/tex/latex/ltxmisc/url.sty
\Urlmuskip=\muskip10
Package: url 2006/04/12  ver 3.3  Verb mode for urls, etc.
)
(/usr/local/texlive/2009/texmf-dist/tex/latex/fancybox/fancybox.sty
Package: fancybox 2000/09/19 1.3

Style option: `fancybox' v1.3 <2000/09/19> (tvz)
\@fancybox=\box27
\shadowsize=\dimen115
\@Sbox=\box28
\do@VerbBox=\toks16
\the@fancyput=\toks17
\this@fancyput=\toks18
\EndVerbatimTokens=\toks19
\Verbatim@Outfile=\write3
\Verbatim@Infile=\read2
) (/Users/mnfienen1/Library/texmf/tex/latex/latex/usgsattr.sty
Package: usgsattr 2009/03/05

(/usr/local/texlive/2009/texmf-dist/tex/latex/ms/ragged2e.sty
Package: ragged2e 2009/05/21 v2.1 ragged2e Package (MS)

(/usr/local/texlive/2009/texmf-dist/tex/latex/ms/everysel.sty
Package: everysel 1999/06/08 v1.03 EverySelectfont Package (MS)
)
\CenteringLeftskip=\skip43
\RaggedLeftLeftskip=\skip44
\RaggedRightLeftskip=\skip45
\CenteringRightskip=\skip46
\RaggedLeftRightskip=\skip47
\RaggedRightRightskip=\skip48
\CenteringParfillskip=\skip49
\RaggedLeftParfillskip=\skip50
\RaggedRightParfillskip=\skip51
\JustifyingParfillskip=\skip52
\CenteringParindent=\skip53
\RaggedLeftParindent=\skip54
\RaggedRightParindent=\skip55
\JustifyingParindent=\skip56
)
COMMANDS CONTAINING COMMON STRINGS OR OTHER PHRASES USED IN USGS REPORTS
) (/Users/mnfienen1/Library/texmf/tex/latex/latex/usgsack.sty
Package: usgsack 2007/09/01

COMMANDS CONTROLLING THE ACKNOWLEDGMENTS SECTION IN USGS REPORTS
) (/Users/mnfienen1/Library/texmf/tex/latex/latex/usgsbalpage.sty
Package: usgsbalpage 2007/01/21

(/usr/local/texlive/2009/texmf-dist/tex/latex/tools/multicol.sty
Package: multicol 2008/12/05 v1.6h multicolumn formatting (FMi)
\c@tracingmulticols=\count99
\mult@box=\box29
\multicol@leftmargin=\dimen116
\c@unbalance=\count100
\c@collectmore=\count101
\doublecol@number=\count102
\multicoltolerance=\count103
\multicolpretolerance=\count104
\full@width=\dimen117
\page@free=\dimen118
\premulticols=\dimen119
\postmulticols=\dimen120
\multicolsep=\skip57
\multicolbaselineskip=\skip58
\partial@page=\box30
\last@line=\box31
\mult@rightbox=\box32
\mult@grightbox=\box33
\mult@gfirstbox=\box34
\mult@firstbox=\box35
\@tempa=\box36
\@tempa=\box37
\@tempa=\box38
\@tempa=\box39
\@tempa=\box40
\@tempa=\box41
\@tempa=\box42
\@tempa=\box43
\@tempa=\box44
\@tempa=\box45
\@tempa=\box46
\@tempa=\box47
\@tempa=\box48
\@tempa=\box49
\@tempa=\box50
\@tempa=\box51
\@tempa=\box52
\c@columnbadness=\count105
\c@finalcolumnbadness=\count106
\last@try=\dimen121
\multicolovershoot=\dimen122
\multicolundershoot=\dimen123
\mult@nat@firstbox=\box53
\colbreak@box=\box54
)
COMMANDS CONTROLLING A BALANCED PAGE IN USGS REPORTS
) (/Users/mnfienen1/Library/texmf/tex/latex/latex/usgsbib.sty
Package: usgsbib 2008/07/29

(/usr/local/texlive/2009/texmf-dist/tex/latex/natbib/natbib.sty
Package: natbib 2009/07/16 8.31 (PWD, AO)
\bibhang=\skip59
\bibsep=\skip60
LaTeX Info: Redefining \cite on input line 694.
\c@NAT@ctr=\count107
)
(/usr/local/texlive/2009/texmf-dist/tex/latex/graphics/color.sty
Package: color 2005/11/14 v1.0j Standard LaTeX Color (DPC)

(/usr/local/texlive/2009/texmf-dist/tex/latex/latexconfig/color.cfg
File: color.cfg 2007/01/18 v1.5 color configuration of teTeX/TeXLive
)
Package color Info: Driver file: pdftex.def on input line 130.
)
COMMANDS CONTROLLING THE REFERENCES SECTION IN USGS REPORTS
\refnoteurlwidth=\skip61
\@refnoteurl=\box55
) (/Users/mnfienen1/Library/texmf/tex/latex/latex/usgscaption.sty
Package: usgscaption 2007/07/23

(/usr/local/texlive/2009/texmf-dist/tex/latex/caption/caption.sty
Package: caption 2009/10/09 v3.1k Customizing captions (AR)

(/usr/local/texlive/2009/texmf-dist/tex/latex/caption/caption3.sty
Package: caption3 2009/10/09 v3.1k caption3 kernel (AR)
\captionmargin=\dimen124
\captionmargin@=\dimen125
\captionwidth=\dimen126
\caption@indent=\dimen127
\caption@parindent=\dimen128
\caption@hangindent=\dimen129
)
\c@ContinuedFloat=\count108
)
COMMANDS CONTROLLING THE CAPTIONS IN USGS REPORTS
) (/Users/mnfienen1/Library/texmf/tex/latex/latex/usgscolor.sty
Package: usgscolor 2008/07/18

(/usr/local/texlive/2009/texmf-dist/tex/latex/xcolor/xcolor.sty
Package: xcolor 2007/01/21 v2.11 LaTeX color extensions (UK)

(/usr/local/texlive/2009/texmf-dist/tex/latex/latexconfig/color.cfg
File: color.cfg 2007/01/18 v1.5 color configuration of teTeX/TeXLive
)
Package xcolor Info: Driver file: pdftex.def on input line 225.
LaTeX Info: Redefining \color on input line 702.
Package xcolor Info: Model `cmy' substituted by `cmy0' on input line 1337.
Package xcolor Info: Model `hsb' substituted by `rgb' on input line 1341.
Package xcolor Info: Model `RGB' extended on input line 1353.
Package xcolor Info: Model `HTML' substituted by `rgb' on input line 1355.
Package xcolor Info: Model `Hsb' substituted by `hsb' on input line 1356.
Package xcolor Info: Model `tHsb' substituted by `hsb' on input line 1357.
Package xcolor Info: Model `HSB' substituted by `hsb' on input line 1358.
Package xcolor Info: Model `Gray' substituted by `gray' on input line 1359.
Package xcolor Info: Model `wave' substituted by `hsb' on input line 1360.
)
COMMANDS DEFINING COLOR OPERATIONS IN USGS REPORTS
) (/Users/mnfienen1/Library/texmf/tex/latex/latex/usgsfinallayout.sty
Package: usgsfinallayout 2007/12/24

COMMANDS TO ASSIST FINAL LAYOUT COMMON IN USGS REPORTS
\@defaultparfillskip=\skip62
) (/Users/mnfienen1/Library/texmf/tex/latex/latex/usgsfloat.sty
Package: usgsfloat 2007/01/20

COMMANDS CONTROLLING FLOAT PARAMETERS IN USGS REPORTS
) (/Users/mnfienen1/Library/texmf/tex/latex/latex/usgsftnote.sty
Package: usgsftnote 2007/01/10

COMMANDS CONTROLLING THE FOOTNOTES IN USGS REPORTS
) (/Users/mnfienen1/Library/texmf/tex/latex/latex/usgshdr.sty
Package: usgshdr 2007/08/10

(/usr/local/texlive/2009/texmf-dist/tex/latex/fancyhdr/fancyhdr.sty
\fancy@headwidth=\skip63
\f@ncyO@elh=\skip64
\f@ncyO@erh=\skip65
\f@ncyO@olh=\skip66
\f@ncyO@orh=\skip67
\f@ncyO@elf=\skip68
\f@ncyO@erf=\skip69
\f@ncyO@olf=\skip70
\f@ncyO@orf=\skip71
)
COMMANDS DEFINING PAGE STYLES IN USGS REPORTS
\rulewidth=\skip72
\bodyfootrulewidth=\skip73
\firstpagerulewidth=\skip74
) (/Users/mnfienen1/Library/texmf/tex/latex/latex/usgsgloss.sty
Package: usgsgloss 2007/09/03

COMMANDS CONTROLLING THE GLOSSARY IN USGS REPORTS
\glosslabelsep=\skip75
) (/Users/mnfienen1/Library/texmf/tex/latex/latex/usgsmath.sty
Package: usgsmath 2007/02/26

(/usr/local/texlive/2009/texmf-dist/tex/latex/amsmath/amsmath.sty
Package: amsmath 2000/07/18 v2.13 AMS math features
\@mathmargin=\skip76

For additional information on amsmath, use the `?' option.
(/usr/local/texlive/2009/texmf-dist/tex/latex/amsmath/amstext.sty
Package: amstext 2000/06/29 v2.01

(/usr/local/texlive/2009/texmf-dist/tex/latex/amsmath/amsgen.sty
File: amsgen.sty 1999/11/30 v2.0
\@emptytoks=\toks20
\ex@=\dimen130
))
(/usr/local/texlive/2009/texmf-dist/tex/latex/amsmath/amsbsy.sty
Package: amsbsy 1999/11/29 v1.2d
\pmbraise@=\dimen131
)
(/usr/local/texlive/2009/texmf-dist/tex/latex/amsmath/amsopn.sty
Package: amsopn 1999/12/14 v2.01 operator names
)
\inf@bad=\count109
LaTeX Info: Redefining \frac on input line 211.
\uproot@=\count110
\leftroot@=\count111
LaTeX Info: Redefining \overline on input line 307.
\classnum@=\count112
\DOTSCASE@=\count113
LaTeX Info: Redefining \ldots on input line 379.
LaTeX Info: Redefining \dots on input line 382.
LaTeX Info: Redefining \cdots on input line 467.
\Mathstrutbox@=\box56
\strutbox@=\box57
\big@size=\dimen132
LaTeX Font Info:    Redeclaring font encoding OML on input line 567.
LaTeX Font Info:    Redeclaring font encoding OMS on input line 568.
\macc@depth=\count114
\c@MaxMatrixCols=\count115
\dotsspace@=\muskip11
\c@parentequation=\count116
\dspbrk@lvl=\count117
\tag@help=\toks21
\row@=\count118
\column@=\count119
\maxfields@=\count120
\andhelp@=\toks22
\eqnshift@=\dimen133
\alignsep@=\dimen134
\tagshift@=\dimen135
\tagwidth@=\dimen136
\totwidth@=\dimen137
\lineht@=\dimen138
\@envbody=\toks23
\multlinegap=\skip77
\multlinetaggap=\skip78
\mathdisplay@stack=\toks24
LaTeX Info: Redefining \[ on input line 2666.
LaTeX Info: Redefining \] on input line 2667.
)
COMMANDS CONTROLLING THE MATH STYLE IN USGS REPORTS
) (/Users/mnfienen1/Library/texmf/tex/latex/latex/usgsnullpages.sty
Package: usgsnullpages 2007/08/10

(/usr/local/texlive/2009/texmf-dist/tex/latex/nextpage/nextpage.sty
Package: nextpage 2009/09/03 v1.1a additional page commands
)
COMMANDS TO BUILD BLANK, EMPTY, AND TO DELETE PAGES IN USGS REPORTS
) (/Users/mnfienen1/Library/texmf/tex/latex/latex/usgsref.sty
Package: usgsref 2008/04/03

COMMANDS OF SPECIFIC EQ/FIG/TAB REFERENCES IN USGS REPORTS
) (/Users/mnfienen1/Library/texmf/tex/latex/latex/usgssec.sty
Package: usgssec 2009/06/09

(/usr/local/texlive/2009/texmf-dist/tex/latex/titlesec/titlesec.sty
Package: titlesec 2007/08/12 v2.8 Sectioning titles
\ttl@box=\box58
\beforetitleunit=\skip79
\aftertitleunit=\skip80
\ttl@plus=\dimen139
\ttl@minus=\dimen140
\ttl@toksa=\toks25
\titlewidth=\dimen141
\titlewidthlast=\dimen142
\titlewidthfirst=\dimen143
)
(/Users/mnfienen1/Library/texmf/tex/latex/latex/truncate.sty
Package: truncate 2001/08/20  ver 3.6
\@Trunc@RestHyph=\toks26
)
COMMANDS CONTROLLING SECTION HEADINGS IN USGS REPORTS
\rightmarkwidth=\skip81
\secbeforesep=\skip82
\secaftersep=\skip83
\subbeforesep=\skip84
\subaftersep=\skip85
\subsubbeforesep=\skip86
\subsubaftersep=\skip87
\paragraphbeforesep=\skip88
\paragraphaftersep=\skip89
\paragraphsectionindentation=\skip90
\subparagraphbeforesep=\skip91
\subparagraphaftersep=\skip92
(/usr/local/texlive/2009/texmf-dist/tex/latex/titlesec/block.tss
File: block.tss 2007/08/12
)
\appendixbeforelen=\skip93
\appendixafterlen=\skip94
\appendixtitlewidth=\skip95
\c@appendix=\count121
\appendixtocvsep=\skip96
\appendixtocsecvsep=\skip97
\@appendixhang=\skip98
)
(/Users/mnfienen1/Library/texmf/tex/latex/latex/usgssym.sty
Package: usgssym 2008/04/03

(/usr/local/texlive/2009/texmf-dist/tex/latex/tools/xspace.sty
Package: xspace 2006/05/08 v1.12 Space after command names (DPC,MH)
)
COMMANDS OF SPECIFIC SYMBOL COMBINATIONS COMMON IN USGS REPORTS
) (/Users/mnfienen1/Library/texmf/tex/latex/latex/usgstable.sty
Package: usgstable 2008/05/08

(/usr/local/texlive/2009/texmf-dist/tex/latex/tools/calc.sty
Package: calc 2007/08/22 v4.3 Infix arithmetic (KKT,FJ)
\calc@Acount=\count122
\calc@Bcount=\count123
\calc@Adimen=\dimen144
\calc@Bdimen=\dimen145
\calc@Askip=\skip99
\calc@Bskip=\skip100
LaTeX Info: Redefining \setlength on input line 76.
LaTeX Info: Redefining \addtolength on input line 77.
\calc@Ccount=\count124
\calc@Cskip=\skip101
)
COMMANDS RELATED TO TABLES IN USGS REPORTS
\unicolwid=\skip102
\tablenotebeforesep=\skip103
\tablenoteaftersep=\skip104
\longtablenotebeforesep=\skip105
\longtablenoteaftersep=\skip106
\longtablenotebaselineskip=\skip107
\longtablenotehcor=\skip108
\longtablenotewidth=\skip109
) (/Users/mnfienen1/Library/texmf/tex/latex/latex/usgstoc.sty
Package: usgstoc 2009/06/08

(/usr/local/texlive/2009/texmf-dist/tex/latex/titlesec/titletoc.sty
Package: titletoc 2007/08/12 v1.6 TOC entries
\ttl@leftsep=\dimen146
)
COMMANDS DEFINING STRUCTURE OF THE TABLE OF CONTENTS IN USGS REPORTS
\contentsmargincorrection=\skip110
\contentsmarginrightsep=\skip111
\sectionpriorvspace=\skip112
\sectionpostvspace=\skip113
\subsectionpriorvspace=\skip114
\subsectionpostvspace=\skip115
\subsubsectionpriorvspace=\skip116
\subsubsectionpostvspace=\skip117
\paragraphpriorvspace=\skip118
\paragraphpostvspace=\skip119
\subparagraphpriorvspace=\skip120
\subparagraphpostvspace=\skip121
\sectionindent=\skip122
\subsectionindent=\skip123
\subsubsectionindent=\skip124
\paragraphindent=\skip125
\subparagraphindent=\skip126
\figurepriorvspace=\skip127
\figurepostvspace=\skip128
\tablepriorvspace=\skip129
\tablepostvspace=\skip130
\figureindent=\skip131
\figureindentDefault=\skip132
\figurelabelspace=\skip133
\figurelabelsize=\skip134
\tableindent=\skip135
\tableindentDefault=\skip136
\tablelabelspace=\skip137
\tablelabelsize=\skip138
\contentslabelhspace=\skip139
\titleruledotspace=\skip140
\insertlofbeforesep=\skip141
\insertlofaftersep=\skip142
) (/Users/mnfienen1/Library/texmf/tex/latex/latex/usgstocconvert.sty
Package: usgstocconvert 2009/06/08

(/usr/local/texlive/2009/texmf-dist/tex/latex/tools/dcolumn.sty
Package: dcolumn 2001/05/28 v1.06 decimal alignment package (DPC)

(/usr/local/texlive/2009/texmf-dist/tex/latex/tools/array.sty
Package: array 2008/09/09 v2.4c Tabular extension package (FMi)
\col@sep=\dimen147
\extrarowheight=\dimen148
\NC@list=\toks27
\extratabsurround=\skip143
\backup@length=\skip144
))
COMMANDS RELATED TO THE CONVERSION TABLE IN USGS REPORTS
\conversioncolwidth=\skip145
\conversionaftersep=\skip146
\datumaftersep=\skip147
\conversionsrulewidth=\skip148
\@conversionsrulewidth=\skip149
\convertypehoffset=\skip150
) (/Users/mnfienen1/Library/texmf/tex/latex/latex/usgstitlepage.sty
Package: usgstitlepage 2008/07/18

--USGS, renewing the maketitle command
\titlepagehspace=\skip151
\titlepagewidth=\skip152
\titlepageskipTOauthors=\skip153
) (/Users/mnfienen1/Library/texmf/tex/latex/latex/usgsflypage.sty
Package: usgsflypage 2009/03/05

--USGS, defining the makefly command
\flyhspace=\skip154
\flywidth=\skip155
)
\@coresecbeforesep=\skip156
\@coresecaftersep=\skip157
\contentsbeforesep=\skip158
\contentsaftersep=\skip159
\GSphotogap=\skip160
\GSphotohsep=\skip161
\GSphotosize=\skip162
\GSphotorule=\skip163
\GSphotosep=\skip164

--USGS, FRONTMATTER DEFINITIONS
\firstpageskipTOtitle=\skip165
\firstpageskipTOauthors=\skip166
\firstpageskipTOtext=\skip167
--USGS, defining the makefrontmatter command
--USGS, COVER PAGE DEFINITIONS
\seriesTOdoi=\skip168
--USGS, defining the makefrontcover command
--USGS, defining the makecolophon command
--USGS, defining the makebackcover command
\backcoveroffset=\skip169
\backcovertitlelength=\skip170
) (/Users/mnfienen1/Library/texmf/tex/latex/latex/usgsidx.sty
Package: usgsidx 2007/09/03

(/usr/local/texlive/2009/texmf-dist/tex/latex/base/makeidx.sty
Package: makeidx 2000/03/29 v1.0m Standard LaTeX package
)
COMMANDS CONTROLLING THE INDEX SECTION IN USGS REPORTS
\@oldparindent=\skip171
\@oldparskip=\skip172
\@oldcolumnseprule=\skip173
\@oldcolumnsep=\skip174
) (/usr/local/texlive/2009/texmf-dist/tex/latex/psnfss/mathptmx.sty
Package: mathptmx 2005/04/12 PSNFSS-v9.2a Times w/ Math, improved (SPQR, WaS) 
LaTeX Font Info:    Redeclaring symbol font `operators' on input line 28.
LaTeX Font Info:    Overwriting symbol font `operators' in version `normal'
(Font)                  OT1/cmr/m/n --> OT1/ztmcm/m/n on input line 28.
LaTeX Font Info:    Overwriting symbol font `operators' in version `bold'
(Font)                  OT1/cmr/bx/n --> OT1/ztmcm/m/n on input line 28.
LaTeX Font Info:    Redeclaring symbol font `letters' on input line 29.
LaTeX Font Info:    Overwriting symbol font `letters' in version `normal'
(Font)                  OML/cmm/m/it --> OML/ztmcm/m/it on input line 29.
LaTeX Font Info:    Overwriting symbol font `letters' in version `bold'
(Font)                  OML/cmm/b/it --> OML/ztmcm/m/it on input line 29.
LaTeX Font Info:    Redeclaring symbol font `symbols' on input line 30.
LaTeX Font Info:    Overwriting symbol font `symbols' in version `normal'
(Font)                  OMS/cmsy/m/n --> OMS/ztmcm/m/n on input line 30.
LaTeX Font Info:    Overwriting symbol font `symbols' in version `bold'
(Font)                  OMS/cmsy/b/n --> OMS/ztmcm/m/n on input line 30.
LaTeX Font Info:    Redeclaring symbol font `largesymbols' on input line 31.
LaTeX Font Info:    Overwriting symbol font `largesymbols' in version `normal'
(Font)                  OMX/cmex/m/n --> OMX/ztmcm/m/n on input line 31.
LaTeX Font Info:    Overwriting symbol font `largesymbols' in version `bold'
(Font)                  OMX/cmex/m/n --> OMX/ztmcm/m/n on input line 31.
\symbold=\mathgroup4
\symitalic=\mathgroup5
LaTeX Font Info:    Redeclaring math alphabet \mathbf on input line 34.
LaTeX Font Info:    Overwriting math alphabet `\mathbf' in version `normal'
(Font)                  OT1/cmr/bx/n --> OT1/ptm/bx/n on input line 34.
LaTeX Font Info:    Overwriting math alphabet `\mathbf' in version `bold'
(Font)                  OT1/cmr/bx/n --> OT1/ptm/bx/n on input line 34.
LaTeX Font Info:    Redeclaring math alphabet \mathit on input line 35.
LaTeX Font Info:    Overwriting math alphabet `\mathit' in version `normal'
(Font)                  OT1/cmr/m/it --> OT1/ptm/m/it on input line 35.
LaTeX Font Info:    Overwriting math alphabet `\mathit' in version `bold'
(Font)                  OT1/cmr/bx/it --> OT1/ptm/m/it on input line 35.
LaTeX Info: Redefining \hbar on input line 50.
)
\@indexfile=\write4
\openout4 = `bgaPEST_post_ed.idx'.


Writing index file bgaPEST_post_ed.idx
(/Users/mnfienen1/Library/texmf/tex/latex/latex/usgshyperref.sty
Package: usgshyperref 2010/01/20

(/usr/local/texlive/2009/texmf-dist/tex/latex/hyperref/hyperref.sty
Package: hyperref 2009/10/09 v6.79a Hypertext links for LaTeX

(/usr/local/texlive/2009/texmf-dist/tex/generic/ifxetex/ifxetex.sty
Package: ifxetex 2009/01/23 v0.5 Provides ifxetex conditional
)
(/usr/local/texlive/2009/texmf-dist/tex/latex/oberdiek/hycolor.sty
Package: hycolor 2009/10/02 v1.5 Code for color options of hyperref/bookmark (H
O)

(/usr/local/texlive/2009/texmf-dist/tex/latex/oberdiek/xcolor-patch.sty
Package: xcolor-patch 2009/10/02 xcolor patch
))
\@linkdim=\dimen149
\Hy@linkcounter=\count125
\Hy@pagecounter=\count126

(/usr/local/texlive/2009/texmf-dist/tex/latex/hyperref/pd1enc.def
File: pd1enc.def 2009/10/09 v6.79a Hyperref: PDFDocEncoding definition (HO)
)
(/usr/local/texlive/2009/texmf-dist/tex/generic/oberdiek/etexcmds.sty
Package: etexcmds 2007/12/12 v1.2 Prefix for e-TeX command names (HO)

(/usr/local/texlive/2009/texmf-dist/tex/generic/oberdiek/infwarerr.sty
Package: infwarerr 2007/09/09 v1.2 Providing info/warning/message (HO)
)
Package etexcmds Info: Could not find \expanded.
(etexcmds)             That can mean that you are not using pdfTeX 1.50 or
(etexcmds)             that some package has redefined \expanded.
(etexcmds)             In the latter case, load this package earlier.
)
(/usr/local/texlive/2009/texmf-dist/tex/latex/latexconfig/hyperref.cfg
File: hyperref.cfg 2002/06/06 v1.2 hyperref configuration of TeXLive
)
(/usr/local/texlive/2009/texmf-dist/tex/latex/oberdiek/kvoptions.sty
Package: kvoptions 2009/08/13 v3.4 Keyval support for LaTeX options (HO)

(/usr/local/texlive/2009/texmf-dist/tex/generic/oberdiek/kvsetkeys.sty
Package: kvsetkeys 2009/07/30 v1.5 Key value parser with default handler suppor
t (HO)
))

Package hyperref Warning: Token not allowed in a PDF string (PDFDocEncoding):
(hyperref)                removing `\unhbox' on input line 2864.


Package hyperref Warning: Token not allowed in a PDF string (PDFDocEncoding):
(hyperref)                removing `\voidb@x' on input line 2864.

Package hyperref Info: Option `colorlinks' set `true' on input line 2864.
Package hyperref Info: Hyper figures OFF on input line 2975.
Package hyperref Info: Link nesting OFF on input line 2980.
Package hyperref Info: Hyper index ON on input line 2983.
Package hyperref Info: Plain pages OFF on input line 2990.
Package hyperref Info: Backreferencing OFF on input line 2995.
Implicit mode ON; LaTeX internals redefined
Package hyperref Info: Bookmarks ON on input line 3191.
LaTeX Info: Redefining \href on input line 3409.
LaTeX Info: Redefining \url on input line 3428.
(/usr/local/texlive/2009/texmf-dist/tex/generic/oberdiek/bitset.sty
Package: bitset 2007/09/28 v1.0 Data type bit set (HO)

(/usr/local/texlive/2009/texmf-dist/tex/generic/oberdiek/intcalc.sty
Package: intcalc 2007/09/27 v1.1 Expandable integer calculations (HO)
)
(/usr/local/texlive/2009/texmf-dist/tex/generic/oberdiek/bigintcalc.sty
Package: bigintcalc 2007/11/11 v1.1 Expandable big integer calculations (HO)

(/usr/local/texlive/2009/texmf-dist/tex/generic/oberdiek/pdftexcmds.sty
Package: pdftexcmds 2009/09/23 v0.6 LuaTeX support for pdfTeX utility functions
 (HO)

(/usr/local/texlive/2009/texmf-dist/tex/generic/oberdiek/ifluatex.sty
Package: ifluatex 2009/04/17 v1.2 Provides the ifluatex switch (HO)
Package ifluatex Info: LuaTeX not detected.
)
(/usr/local/texlive/2009/texmf-dist/tex/generic/oberdiek/ltxcmds.sty
Package: ltxcmds 2009/08/05 v1.0 Some LaTeX kernel commands for general use (HO
)
)
Package pdftexcmds Info: LuaTeX not detected.
Package pdftexcmds Info: \pdf@primitive is available.
Package pdftexcmds Info: \pdf@ifprimitive is available.
)))
\Fld@menulength=\count127
\Field@Width=\dimen150
\Fld@charsize=\dimen151
\Field@toks=\toks28
Package hyperref Info: Hyper figures OFF on input line 4377.
Package hyperref Info: Link nesting OFF on input line 4382.
Package hyperref Info: Hyper index ON on input line 4385.
Package hyperref Info: backreferencing OFF on input line 4392.
Package hyperref Info: Link coloring ON on input line 4395.
Package hyperref Info: Link coloring with OCG OFF on input line 4402.
Package hyperref Info: PDF/A mode OFF on input line 4407.

(/usr/local/texlive/2009/texmf-dist/tex/generic/oberdiek/atbegshi.sty
Package: atbegshi 2008/07/31 v1.9 At begin shipout hook (HO)
)
\Hy@abspage=\count128
\c@Item=\count129
\c@Hfootnote=\count130
)
*hyperref using default driver hpdftex*
(/usr/local/texlive/2009/texmf-dist/tex/latex/hyperref/hpdftex.def
File: hpdftex.def 2009/10/09 v6.79a Hyperref driver for pdfTeX
\Fld@listcount=\count131
)
Package hyperref Info: Option `linktocpage' set `true' on input line 43.

COMMANDS CONTROLLING THE HYPERLINKING IN USGS REPORTS

Package hyperref Warning: Option `pagecolor' is not available anymore.

)
No file bgaPEST_post_ed.aux.
\openout1 = `bgaPEST_post_ed.aux'.

LaTeX Font Info:    Checking defaults for OML/cmm/m/it on input line 107.
LaTeX Font Info:    ... okay on input line 107.
LaTeX Font Info:    Checking defaults for T1/cmr/m/n on input line 107.
LaTeX Font Info:    ... okay on input line 107.
LaTeX Font Info:    Checking defaults for OT1/cmr/m/n on input line 107.
LaTeX Font Info:    ... okay on input line 107.
LaTeX Font Info:    Checking defaults for OMS/cmsy/m/n on input line 107.
LaTeX Font Info:    ... okay on input line 107.
LaTeX Font Info:    Checking defaults for OMX/cmex/m/n on input line 107.
LaTeX Font Info:    ... okay on input line 107.
LaTeX Font Info:    Checking defaults for U/cmr/m/n on input line 107.
LaTeX Font Info:    ... okay on input line 107.
LaTeX Font Info:    Checking defaults for PD1/pdf/m/n on input line 107.
LaTeX Font Info:    ... okay on input line 107.
LaTeX Font Info:    Try loading font information for OT1+ptm on input line 107.

(/usr/local/texlive/2009/texmf-dist/tex/latex/psnfss/ot1ptm.fd
File: ot1ptm.fd 2001/06/04 font definitions for OT1/ptm.
)
*geometry auto-detecting driver*
*geometry detected driver: pdftex*
-------------------- Geometry parameters
paper: class default
landscape: --
twocolumn: --
twoside: --
asymmetric: --
h-parts: 72.26999pt, 486.59406pt, 55.43095pt
v-parts: 72.26999pt, 650.43001pt, 72.26999pt
hmarginratio: --
vmarginratio: --
lines: --
heightrounded: true
bindingoffset: 0.0pt
truedimen: --
includehead: --
includefoot: --
includemp: --
driver: pdftex
-------------------- Page layout dimensions and switches
\paperwidth  614.295pt
\paperheight 794.96999pt
\textwidth  486.59406pt
\textheight 650.20029pt
\oddsidemargin  0.0pt
\evensidemargin 0.0pt
\topmargin  -23.08623pt
\headheight 14.05249pt
\headsep    9.03374pt
\footskip   14.05249pt
\marginparwidth 59.0pt
\marginparsep   10.0pt
\columnsep  17.34518pt
\skip\footins  6.8pt plus 2.35728pt
\hoffset 0.0pt
\voffset 0.0pt
\mag 1000

(1in=72.27pt, 1cm=28.45pt)
-----------------------
(/usr/local/texlive/2009/texmf-dist/tex/context/base/supp-pdf.mkii
[Loading MPS to PDF converter (version 2006.09.02).]
\scratchcounter=\count132
\scratchdimen=\dimen152
\scratchbox=\box59
\nofMPsegments=\count133
\nofMParguments=\count134
\everyMPshowfont=\toks29
\MPscratchCnt=\count135
\MPscratchDim=\dimen153
\MPnumerator=\count136
\everyMPtoPDFconversion=\toks30
)
LaTeX Info: Redefining \selectfont on input line 107.
Package caption Info: Begin \AtBeginDocument code.
Package caption Info: hyperref package is loaded.
Package caption Info: End \AtBeginDocument code.
Package hyperref Info: Link coloring ON on input line 107.
 (/usr/local/texlive/2009/texmf-dist/tex/latex/hyperref/nameref.sty
Package: nameref 2007/05/29 v2.31 Cross-referencing by name of section

(/usr/local/texlive/2009/texmf-dist/tex/latex/oberdiek/refcount.sty
Package: refcount 2008/08/11 v3.1 Data extraction from references (HO)
)
\c@section@level=\count137
)
LaTeX Info: Redefining \ref on input line 107.
LaTeX Info: Redefining \pageref on input line 107.
\@outlinefile=\write5
\openout5 = `bgaPEST_post_ed.out'.

\AtBeginShipoutBox=\box60
LaTeX Font Info:    Try loading font information for OT1+fun on input line 116.


(/Users/mnfienen1/Library/texmf/tex/latex/latex/funivers/ot1fun.fd
File: ot1fun.fd 2006/11/15 Fontinst v1.929 font definitions for OT1/fun.
)
LaTeX Font Info:    Try loading font information for OT1+ztmcm on input line 11
6.

(/usr/local/texlive/2009/texmf-dist/tex/latex/psnfss/ot1ztmcm.fd
File: ot1ztmcm.fd 2000/01/03 Fontinst v1.801 font definitions for OT1/ztmcm.
)
LaTeX Font Info:    Try loading font information for OML+ztmcm on input line 11
6.

(/usr/local/texlive/2009/texmf-dist/tex/latex/psnfss/omlztmcm.fd
File: omlztmcm.fd 2000/01/03 Fontinst v1.801 font definitions for OML/ztmcm.
)
LaTeX Font Info:    Try loading font information for OMS+ztmcm on input line 11
6.

(/usr/local/texlive/2009/texmf-dist/tex/latex/psnfss/omsztmcm.fd
File: omsztmcm.fd 2000/01/03 Fontinst v1.801 font definitions for OMS/ztmcm.
)
LaTeX Font Info:    Try loading font information for OMX+ztmcm on input line 11
6.

(/usr/local/texlive/2009/texmf-dist/tex/latex/psnfss/omxztmcm.fd
File: omxztmcm.fd 2000/01/03 Fontinst v1.801 font definitions for OMX/ztmcm.
)
LaTeX Font Info:    Font shape `OT1/ptm/bx/n' in size <12> not available
(Font)              Font shape `OT1/ptm/b/n' tried instead on input line 116.
LaTeX Font Info:    Font shape `OT1/ptm/bx/n' in size <9> not available
(Font)              Font shape `OT1/ptm/b/n' tried instead on input line 116.
LaTeX Font Info:    Font shape `OT1/ptm/bx/n' in size <7> not available
(Font)              Font shape `OT1/ptm/b/n' tried instead on input line 116.
 [1



{/Users/mnfienen1/.texlive2009/texmf-var/fonts/map/pdftex/updmap/pdftex.map}] [
2]
\tf@toc=\write6
\openout6 = `bgaPEST_post_ed.toc'.



Package Fancyhdr Warning: \fancyhead's `E' option without twoside option is use
less on input line 116.

\tf@lof=\write7
\openout7 = `bgaPEST_post_ed.lof'.

\tf@lot=\write8
\openout8 = `bgaPEST_post_ed.lot'.

[3] [4

]
LaTeX Font Info:    Font shape `OT1/ptm/bx/n' in size <10.95> not available
(Font)              Font shape `OT1/ptm/b/n' tried instead on input line 116.
LaTeX Font Info:    Font shape `OT1/ptm/bx/n' in size <8> not available
(Font)              Font shape `OT1/ptm/b/n' tried instead on input line 116.
LaTeX Font Info:    Font shape `OT1/ptm/bx/n' in size <6> not available
(Font)              Font shape `OT1/ptm/b/n' tried instead on input line 116.
 [1



]

Package Fancyhdr Warning: \fancyhead's `E' option without twoside option is use
less on input line 120.

LaTeX Font Info:    Font shape `OT1/ptm/bx/n' in size <5> not available
(Font)              Font shape `OT1/ptm/b/n' tried instead on input line 122.

Package natbib Warning: Citation `PEST' on page 2 undefined on input line 165.


Package natbib Warning: Citation `PESTAdd' on page 2 undefined on input line 16
5.


Package multicol Warning: I moved some lines to the next page.
(multicol)                Footnotes on page 2 might be wrong on input line 210.


[2

]

Package natbib Warning: Citation `PEST' on page 3 undefined on input line 248.


Package natbib Warning: Citation `BantaEtAl2006' on page 3 undefine