This is pdfTeX, Version 3.1415926-2.4-1.40.13 (TeX Live 2012) (format=pdflatex 2012.6.30)  27 DEC 2012 12:27
entering extended mode
 restricted \write18 enabled.
 file:line:error style messages enabled.
 %&-line parsing enabled.
**bgaPEST_post_ed.tex
(./bgaPEST_post_ed.tex
LaTeX2e <2011/06/27>
Babel <v3.8m> and hyphenation patterns for english, dumylang, nohyphenation, ge
rman-x-2012-05-30, ngerman-x-2012-05-30, afrikaans, ancientgreek, ibycus, arabi
c, armenian, basque, bulgarian, catalan, pinyin, coptic, croatian, czech, danis
h, dutch, ukenglish, usenglishmax, esperanto, estonian, ethiopic, farsi, finnis
h, french, friulan, galician, german, ngerman, swissgerman, monogreek, greek, h
ungarian, icelandic, assamese, bengali, gujarati, hindi, kannada, malayalam, ma
rathi, oriya, panjabi, tamil, telugu, indonesian, interlingua, irish, italian, 
kurmanji, latin, latvian, lithuanian, mongolian, mongolianlmc, bokmal, nynorsk,
 polish, portuguese, romanian, romansh, russian, sanskrit, serbian, serbianc, s
lovak, slovenian, spanish, swedish, turkish, turkmen, ukrainian, uppersorbian, 
welsh, loaded.
(/Users/mnfienen/Library/texmf/tex/latex/latex/usgsreport.cls
Document Class: usgsreport 2006/12/03 (W. Asquith)
(/usr/local/texlive/2012/texmf-dist/tex/latex/base/article.cls
Document Class: article 2007/10/19 v1.4h Standard LaTeX document class
(/usr/local/texlive/2012/texmf-dist/tex/latex/base/size11.clo
File: size11.clo 2007/10/19 v1.4h Standard LaTeX file (size option)
)
\c@part=\count79
\c@section=\count80
\c@subsection=\count81
\c@subsubsection=\count82
\c@paragraph=\count83
\c@subparagraph=\count84
\c@figure=\count85
\c@table=\count86
\abovecaptionskip=\skip41
\belowcaptionskip=\skip42
\bibindent=\dimen102
))
(/Users/mnfienen/Library/texmf/tex/latex/latex/usgsfonts.sty
Package: usgsfonts 2008/05/28

(/usr/local/texlive/2012/texmf-dist/tex/latex/base/ifthen.sty
Package: ifthen 2001/05/26 v1.1c Standard LaTeX ifthen package (DPC)
)
(/usr/local/texlive/2012/texmf-dist/tex/latex/base/fontenc.sty
Package: fontenc 2005/09/27 v1.99g Standard LaTeX package

(/usr/local/texlive/2012/texmf-dist/tex/latex/base/ot1enc.def
File: ot1enc.def 2005/09/27 v1.99g Standard LaTeX file
LaTeX Font Info:    Redeclaring font encoding OT1 on input line 43.
))
COMMANDS FOR FONTS IN USGS REPORTS
MARGIN KERNING NOT REQUESTED
) (/Users/mnfienen/Library/texmf/tex/latex/latex/usgsgeo.sty
Package: usgsgeo 2007/12/24

(/usr/local/texlive/2012/texmf-dist/tex/latex/geometry/geometry.sty
Package: geometry 2010/09/12 v5.6 Page Geometry

(/usr/local/texlive/2012/texmf-dist/tex/latex/graphics/keyval.sty
Package: keyval 1999/03/16 v1.13 key=value parser (DPC)
\KV@toks@=\toks14
)
(/usr/local/texlive/2012/texmf-dist/tex/generic/oberdiek/ifpdf.sty
Package: ifpdf 2011/01/30 v2.3 Provides the ifpdf switch (HO)
Package ifpdf Info: pdfTeX in PDF mode is detected.
)
(/usr/local/texlive/2012/texmf-dist/tex/generic/oberdiek/ifvtex.sty
Package: ifvtex 2010/03/01 v1.5 Detect VTeX and its facilities (HO)
Package ifvtex Info: VTeX not detected.
)
(/usr/local/texlive/2012/texmf-dist/tex/generic/ifxetex/ifxetex.sty
Package: ifxetex 2010/09/12 v0.6 Provides ifxetex conditional
)
\Gm@cnth=\count87
\Gm@cntv=\count88
\c@Gm@tempcnt=\count89
\Gm@bindingoffset=\dimen103
\Gm@wd@mp=\dimen104
\Gm@odd@mp=\dimen105
\Gm@even@mp=\dimen106
\Gm@layoutwidth=\dimen107
\Gm@layoutheight=\dimen108
\Gm@layouthoffset=\dimen109
\Gm@layoutvoffset=\dimen110
\Gm@dimlist=\toks15
))
(/Users/mnfienen/Library/texmf/tex/latex/latex/usgsreporta.sty
Package: usgsreporta 2008/07/18

(/usr/local/texlive/2012/texmf-dist/tex/latex/setspace/setspace.sty
Package: setspace 2011/12/19 v6.7a set line spacing
)
(/usr/local/texlive/2012/texmf-dist/tex/latex/tools/indentfirst.sty
Package: indentfirst 1995/11/23 v1.03 Indent first paragraph (DPC)
)
(/usr/local/texlive/2012/texmf-dist/tex/latex/eepic/epic.sty
Enhancements to Picture Environment. Version 1.2 - Released June 1, 1986
\@@multicnt=\count90
\d@lta=\count91
\@delta=\dimen111
\@@delta=\dimen112
\@gridcnt=\count92
\@joinkind=\count93
\@dotgap=\dimen113
\@ddotgap=\dimen114
\@x@diff=\count94
\@y@diff=\count95
\x@diff=\dimen115
\y@diff=\dimen116
\@dotbox=\box26
\num@segments=\count96
\num@segmentsi=\count97
\@datafile=\read1
) (/usr/local/texlive/2012/texmf-dist/tex/latex/graphics/graphicx.sty
Package: graphicx 1999/02/16 v1.0f Enhanced LaTeX Graphics (DPC,SPQR)

(/usr/local/texlive/2012/texmf-dist/tex/latex/graphics/graphics.sty
Package: graphics 2009/02/05 v1.0o Standard LaTeX Graphics (DPC,SPQR)

(/usr/local/texlive/2012/texmf-dist/tex/latex/graphics/trig.sty
Package: trig 1999/03/16 v1.09 sin cos tan (DPC)
)
(/usr/local/texlive/2012/texmf-dist/tex/latex/latexconfig/graphics.cfg
File: graphics.cfg 2010/04/23 v1.9 graphics configuration of TeX Live
)
Package graphics Info: Driver file: pdftex.def on input line 91.

(/usr/local/texlive/2012/texmf-dist/tex/latex/pdftex-def/pdftex.def
File: pdftex.def 2011/05/27 v0.06d Graphics/color for pdfTeX

(/usr/local/texlive/2012/texmf-dist/tex/generic/oberdiek/infwarerr.sty
Package: infwarerr 2010/04/08 v1.3 Providing info/warning/error messages (HO)
)
(/usr/local/texlive/2012/texmf-dist/tex/generic/oberdiek/ltxcmds.sty
Package: ltxcmds 2011/11/09 v1.22 LaTeX kernel commands for general use (HO)
)
\Gread@gobject=\count98
))
\Gin@req@height=\dimen117
\Gin@req@width=\dimen118
)
(/usr/local/texlive/2012/texmf-dist/tex/latex/url/url.sty
\Urlmuskip=\muskip10
Package: url 2006/04/12  ver 3.3  Verb mode for urls, etc.
)
(/usr/local/texlive/2012/texmf-dist/tex/latex/fancybox/fancybox.sty
Package: fancybox 2010/05/15 1.4

Style option: `fancybox' v1.4 <2010/05/15> (tvz)
\@fancybox=\box27
\shadowsize=\dimen119
\@Sbox=\box28
\do@VerbBox=\toks16
\the@fancyput=\toks17
\this@fancyput=\toks18
\EndVerbatimTokens=\toks19
\Verbatim@Outfile=\write3
\Verbatim@Infile=\read2
) (/Users/mnfienen/Library/texmf/tex/latex/latex/usgsattr.sty
Package: usgsattr 2009/03/05

(/usr/local/texlive/2012/texmf-dist/tex/latex/ms/ragged2e.sty
Package: ragged2e 2009/05/21 v2.1 ragged2e Package (MS)

(/usr/local/texlive/2012/texmf-dist/tex/latex/ms/everysel.sty
Package: everysel 2011/10/28 v1.2 EverySelectfont Package (MS)
)
\CenteringLeftskip=\skip43
\RaggedLeftLeftskip=\skip44
\RaggedRightLeftskip=\skip45
\CenteringRightskip=\skip46
\RaggedLeftRightskip=\skip47
\RaggedRightRightskip=\skip48
\CenteringParfillskip=\skip49
\RaggedLeftParfillskip=\skip50
\RaggedRightParfillskip=\skip51
\JustifyingParfillskip=\skip52
\CenteringParindent=\skip53
\RaggedLeftParindent=\skip54
\RaggedRightParindent=\skip55
\JustifyingParindent=\skip56
)
COMMANDS CONTAINING COMMON STRINGS OR OTHER PHRASES USED IN USGS REPORTS
) (/Users/mnfienen/Library/texmf/tex/latex/latex/usgsack.sty
Package: usgsack 2007/09/01

COMMANDS CONTROLLING THE ACKNOWLEDGMENTS SECTION IN USGS REPORTS
) (/Users/mnfienen/Library/texmf/tex/latex/latex/usgsbalpage.sty
Package: usgsbalpage 2007/01/21

(/usr/local/texlive/2012/texmf-dist/tex/latex/tools/multicol.sty
Package: multicol 2011/06/27 v1.7a multicolumn formatting (FMi)
\c@tracingmulticols=\count99
\mult@box=\box29
\multicol@leftmargin=\dimen120
\c@unbalance=\count100
\c@collectmore=\count101
\doublecol@number=\count102
\multicoltolerance=\count103
\multicolpretolerance=\count104
\full@width=\dimen121
\page@free=\dimen122
\premulticols=\dimen123
\postmulticols=\dimen124
\multicolsep=\skip57
\multicolbaselineskip=\skip58
\partial@page=\box30
\last@line=\box31
\mult@rightbox=\box32
\mult@grightbox=\box33
\mult@gfirstbox=\box34
\mult@firstbox=\box35
\@tempa=\box36
\@tempa=\box37
\@tempa=\box38
\@tempa=\box39
\@tempa=\box40
\@tempa=\box41
\@tempa=\box42
\@tempa=\box43
\@tempa=\box44
\@tempa=\box45
\@tempa=\box46
\@tempa=\box47
\@tempa=\box48
\@tempa=\box49
\@tempa=\box50
\@tempa=\box51
\@tempa=\box52
\c@columnbadness=\count105
\c@finalcolumnbadness=\count106
\last@try=\dimen125
\multicolovershoot=\dimen126
\multicolundershoot=\dimen127
\mult@nat@firstbox=\box53
\colbreak@box=\box54
\multicol@sort@counter=\count107
)
COMMANDS CONTROLLING A BALANCED PAGE IN USGS REPORTS
) (/Users/mnfienen/Library/texmf/tex/latex/latex/usgsbib.sty
Package: usgsbib 2008/07/29

(/usr/local/texlive/2012/texmf-dist/tex/latex/natbib/natbib.sty
Package: natbib 2010/09/13 8.31b (PWD, AO)
\bibhang=\skip59
\bibsep=\skip60
LaTeX Info: Redefining \cite on input line 694.
\c@NAT@ctr=\count108
)
(/usr/local/texlive/2012/texmf-dist/tex/latex/graphics/color.sty
Package: color 2005/11/14 v1.0j Standard LaTeX Color (DPC)

(/usr/local/texlive/2012/texmf-dist/tex/latex/latexconfig/color.cfg
File: color.cfg 2007/01/18 v1.5 color configuration of teTeX/TeXLive
)
Package color Info: Driver file: pdftex.def on input line 130.
)
COMMANDS CONTROLLING THE REFERENCES SECTION IN USGS REPORTS
\refnoteurlwidth=\skip61
\@refnoteurl=\box55
) (/Users/mnfienen/Library/texmf/tex/latex/latex/usgscaption.sty
Package: usgscaption 2007/07/23

(/usr/local/texlive/2012/texmf-dist/tex/latex/caption/caption.sty
Package: caption 2012/02/19 v3.2f Customizing captions (AR)

(/usr/local/texlive/2012/texmf-dist/tex/latex/caption/caption3.sty
Package: caption3 2012/01/12 v1.4b caption3 kernel (AR)
\captionmargin=\dimen128
\captionmargin@=\dimen129
\captionwidth=\dimen130
\caption@indent=\dimen131
\caption@parindent=\dimen132
\caption@hangindent=\dimen133
)
\c@ContinuedFloat=\count109
)
COMMANDS CONTROLLING THE CAPTIONS IN USGS REPORTS
) (/Users/mnfienen/Library/texmf/tex/latex/latex/usgscolor.sty
Package: usgscolor 2008/07/18

(/usr/local/texlive/2012/texmf-dist/tex/latex/xcolor/xcolor.sty
Package: xcolor 2007/01/21 v2.11 LaTeX color extensions (UK)

(/usr/local/texlive/2012/texmf-dist/tex/latex/latexconfig/color.cfg
File: color.cfg 2007/01/18 v1.5 color configuration of teTeX/TeXLive
)
Package xcolor Info: Driver file: pdftex.def on input line 225.
LaTeX Info: Redefining \color on input line 702.
Package xcolor Info: Model `cmy' substituted by `cmy0' on input line 1337.
Package xcolor Info: Model `hsb' substituted by `rgb' on input line 1341.
Package xcolor Info: Model `RGB' extended on input line 1353.
Package xcolor Info: Model `HTML' substituted by `rgb' on input line 1355.
Package xcolor Info: Model `Hsb' substituted by `hsb' on input line 1356.
Package xcolor Info: Model `tHsb' substituted by `hsb' on input line 1357.
Package xcolor Info: Model `HSB' substituted by `hsb' on input line 1358.
Package xcolor Info: Model `Gray' substituted by `gray' on input line 1359.
Package xcolor Info: Model `wave' substituted by `hsb' on input line 1360.
)
COMMANDS DEFINING COLOR OPERATIONS IN USGS REPORTS
) (/Users/mnfienen/Library/texmf/tex/latex/latex/usgsfinallayout.sty
Package: usgsfinallayout 2007/12/24

COMMANDS TO ASSIST FINAL LAYOUT COMMON IN USGS REPORTS
\@defaultparfillskip=\skip62
) (/Users/mnfienen/Library/texmf/tex/latex/latex/usgsfloat.sty
Package: usgsfloat 2007/01/20

COMMANDS CONTROLLING FLOAT PARAMETERS IN USGS REPORTS
) (/Users/mnfienen/Library/texmf/tex/latex/latex/usgsftnote.sty
Package: usgsftnote 2007/01/10

COMMANDS CONTROLLING THE FOOTNOTES IN USGS REPORTS
) (/Users/mnfienen/Library/texmf/tex/latex/latex/usgshdr.sty
Package: usgshdr 2007/08/10

(/usr/local/texlive/2012/texmf-dist/tex/latex/fancyhdr/fancyhdr.sty
\fancy@headwidth=\skip63
\f@ncyO@elh=\skip64
\f@ncyO@erh=\skip65
\f@ncyO@olh=\skip66
\f@ncyO@orh=\skip67
\f@ncyO@elf=\skip68
\f@ncyO@erf=\skip69
\f@ncyO@olf=\skip70
\f@ncyO@orf=\skip71
)
COMMANDS DEFINING PAGE STYLES IN USGS REPORTS
\rulewidth=\skip72
\bodyfootrulewidth=\skip73
\firstpagerulewidth=\skip74
) (/Users/mnfienen/Library/texmf/tex/latex/latex/usgsgloss.sty
Package: usgsgloss 2007/09/03

COMMANDS CONTROLLING THE GLOSSARY IN USGS REPORTS
\glosslabelsep=\skip75
) (/Users/mnfienen/Library/texmf/tex/latex/latex/usgsmath.sty
Package: usgsmath 2007/02/26

(/usr/local/texlive/2012/texmf-dist/tex/latex/amsmath/amsmath.sty
Package: amsmath 2000/07/18 v2.13 AMS math features
\@mathmargin=\skip76

For additional information on amsmath, use the `?' option.
(/usr/local/texlive/2012/texmf-dist/tex/latex/amsmath/amstext.sty
Package: amstext 2000/06/29 v2.01

(/usr/local/texlive/2012/texmf-dist/tex/latex/amsmath/amsgen.sty
File: amsgen.sty 1999/11/30 v2.0
\@emptytoks=\toks20
\ex@=\dimen134
))
(/usr/local/texlive/2012/texmf-dist/tex/latex/amsmath/amsbsy.sty
Package: amsbsy 1999/11/29 v1.2d
\pmbraise@=\dimen135
)
(/usr/local/texlive/2012/texmf-dist/tex/latex/amsmath/amsopn.sty
Package: amsopn 1999/12/14 v2.01 operator names
)
\inf@bad=\count110
LaTeX Info: Redefining \frac on input line 211.
\uproot@=\count111
\leftroot@=\count112
LaTeX Info: Redefining \overline on input line 307.
\classnum@=\count113
\DOTSCASE@=\count114
LaTeX Info: Redefining \ldots on input line 379.
LaTeX Info: Redefining \dots on input line 382.
LaTeX Info: Redefining \cdots on input line 467.
\Mathstrutbox@=\box56
\strutbox@=\box57
\big@size=\dimen136
LaTeX Font Info:    Redeclaring font encoding OML on input line 567.
LaTeX Font Info:    Redeclaring font encoding OMS on input line 568.
\macc@depth=\count115
\c@MaxMatrixCols=\count116
\dotsspace@=\muskip11
\c@parentequation=\count117
\dspbrk@lvl=\count118
\tag@help=\toks21
\row@=\count119
\column@=\count120
\maxfields@=\count121
\andhelp@=\toks22
\eqnshift@=\dimen137
\alignsep@=\dimen138
\tagshift@=\dimen139
\tagwidth@=\dimen140
\totwidth@=\dimen141
\lineht@=\dimen142
\@envbody=\toks23
\multlinegap=\skip77
\multlinetaggap=\skip78
\mathdisplay@stack=\toks24
LaTeX Info: Redefining \[ on input line 2666.
LaTeX Info: Redefining \] on input line 2667.
)
COMMANDS CONTROLLING THE MATH STYLE IN USGS REPORTS
) (/Users/mnfienen/Library/texmf/tex/latex/latex/usgsnullpages.sty
Package: usgsnullpages 2007/08/10

(/usr/local/texlive/2012/texmf-dist/tex/latex/nextpage/nextpage.sty
Package: nextpage 2009/09/03 v1.1a additional page commands
)
COMMANDS TO BUILD BLANK, EMPTY, AND TO DELETE PAGES IN USGS REPORTS
) (/Users/mnfienen/Library/texmf/tex/latex/latex/usgsref.sty
Package: usgsref 2008/04/03

COMMANDS OF SPECIFIC EQ/FIG/TAB REFERENCES IN USGS REPORTS
) (/Users/mnfienen/Library/texmf/tex/latex/latex/usgssec.sty
Package: usgssec 2009/06/09

(/usr/local/texlive/2012/texmf-dist/tex/latex/titlesec/titlesec.sty
Package: titlesec 2011/12/15 v2.10.0 Sectioning titles
\ttl@box=\box58
\beforetitleunit=\skip79
\aftertitleunit=\skip80
\ttl@plus=\dimen143
\ttl@minus=\dimen144
\ttl@toksa=\toks25
\titlewidth=\dimen145
\titlewidthlast=\dimen146
\titlewidthfirst=\dimen147
)
(/Users/mnfienen/Library/texmf/tex/latex/latex/truncate.sty
Package: truncate 2001/08/20  ver 3.6
\@Trunc@RestHyph=\toks26
)
COMMANDS CONTROLLING SECTION HEADINGS IN USGS REPORTS
\rightmarkwidth=\skip81
\secbeforesep=\skip82
\secaftersep=\skip83
\subbeforesep=\skip84
\subaftersep=\skip85
\subsubbeforesep=\skip86
\subsubaftersep=\skip87
\paragraphbeforesep=\skip88
\paragraphaftersep=\skip89
\paragraphsectionindentation=\skip90
\subparagraphbeforesep=\skip91
\subparagraphaftersep=\skip92
(/usr/local/texlive/2012/texmf-dist/tex/latex/titlesec/block.tss
File: block.tss 2011/12/15
)
\appendixbeforelen=\skip93
\appendixafterlen=\skip94
\appendixtitlewidth=\skip95
\c@appendix=\count122
\appendixtocvsep=\skip96
\appendixtocsecvsep=\skip97
\@appendixhang=\skip98
)
(/Users/mnfienen/Library/texmf/tex/latex/latex/usgssym.sty
Package: usgssym 2008/04/03

(/usr/local/texlive/2012/texmf-dist/tex/latex/tools/xspace.sty
Package: xspace 2009/10/20 v1.13 Space after command names (DPC,MH)
)
COMMANDS OF SPECIFIC SYMBOL COMBINATIONS COMMON IN USGS REPORTS
) (/Users/mnfienen/Library/texmf/tex/latex/latex/usgstable.sty
Package: usgstable 2008/05/08

(/usr/local/texlive/2012/texmf-dist/tex/latex/tools/calc.sty
Package: calc 2007/08/22 v4.3 Infix arithmetic (KKT,FJ)
\calc@Acount=\count123
\calc@Bcount=\count124
\calc@Adimen=\dimen148
\calc@Bdimen=\dimen149
\calc@Askip=\skip99
\calc@Bskip=\skip100
LaTeX Info: Redefining \setlength on input line 76.
LaTeX Info: Redefining \addtolength on input line 77.
\calc@Ccount=\count125
\calc@Cskip=\skip101
)
COMMANDS RELATED TO TABLES IN USGS REPORTS
\unicolwid=\skip102
\tablenotebeforesep=\skip103
\tablenoteaftersep=\skip104
\longtablenotebeforesep=\skip105
\longtablenoteaftersep=\skip106
\longtablenotebaselineskip=\skip107
\longtablenotehcor=\skip108
\longtablenotewidth=\skip109
) (/Users/mnfienen/Library/texmf/tex/latex/latex/usgstoc.sty
Package: usgstoc 2009/06/08

(/usr/local/texlive/2012/texmf-dist/tex/latex/titlesec/titletoc.sty
Package: titletoc 2011/12/15 v1.6 TOC entries
\ttl@leftsep=\dimen150
)
COMMANDS DEFINING STRUCTURE OF THE TABLE OF CONTENTS IN USGS REPORTS
\contentsmargincorrection=\skip110
\contentsmarginrightsep=\skip111
\sectionpriorvspace=\skip112
\sectionpostvspace=\skip113
\subsectionpriorvspace=\skip114
\subsectionpostvspace=\skip115
\subsubsectionpriorvspace=\skip116
\subsubsectionpostvspace=\skip117
\paragraphpriorvspace=\skip118
\paragraphpostvspace=\skip119
\subparagraphpriorvspace=\skip120
\subparagraphpostvspace=\skip121
\sectionindent=\skip122
\subsectionindent=\skip123
\subsubsectionindent=\skip124
\paragraphindent=\skip125
\subparagraphindent=\skip126
\figurepriorvspace=\skip127
\figurepostvspace=\skip128
\tablepriorvspace=\skip129
\tablepostvspace=\skip130
\figureindent=\skip131
\figureindentDefault=\skip132
\figurelabelspace=\skip133
\figurelabelsize=\skip134
\tableindent=\skip135
\tableindentDefault=\skip136
\tablelabelspace=\skip137
\tablelabelsize=\skip138
\contentslabelhspace=\skip139
\titleruledotspace=\skip140
\insertlofbeforesep=\skip141
\insertlofaftersep=\skip142
) (/Users/mnfienen/Library/texmf/tex/latex/latex/usgstocconvert.sty
Package: usgstocconvert 2009/06/08

(/usr/local/texlive/2012/texmf-dist/tex/latex/tools/dcolumn.sty
Package: dcolumn 2001/05/28 v1.06 decimal alignment package (DPC)

(/usr/local/texlive/2012/texmf-dist/tex/latex/tools/array.sty
Package: array 2008/09/09 v2.4c Tabular extension package (FMi)
\col@sep=\dimen151
\extrarowheight=\dimen152
\NC@list=\toks27
\extratabsurround=\skip143
\backup@length=\skip144
))
COMMANDS RELATED TO THE CONVERSION TABLE IN USGS REPORTS
\conversioncolwidth=\skip145
\conversionaftersep=\skip146
\datumaftersep=\skip147
\conversionsrulewidth=\skip148
\@conversionsrulewidth=\skip149
\convertypehoffset=\skip150
) (/Users/mnfienen/Library/texmf/tex/latex/latex/usgstitlepage.sty
Package: usgstitlepage 2008/07/18

--USGS, renewing the maketitle command
\titlepagehspace=\skip151
\titlepagewidth=\skip152
\titlepageskipTOauthors=\skip153
) (/Users/mnfienen/Library/texmf/tex/latex/latex/usgsflypage.sty
Package: usgsflypage 2009/03/05

--USGS, defining the makefly command
\flyhspace=\skip154
\flywidth=\skip155
)
\@coresecbeforesep=\skip156
\@coresecaftersep=\skip157
\contentsbeforesep=\skip158
\contentsaftersep=\skip159
\GSphotogap=\skip160
\GSphotohsep=\skip161
\GSphotosize=\skip162
\GSphotorule=\skip163
\GSphotosep=\skip164

--USGS, FRONTMATTER DEFINITIONS
\firstpageskipTOtitle=\skip165
\firstpageskipTOauthors=\skip166
\firstpageskipTOtext=\skip167
--USGS, defining the makefrontmatter command
--USGS, COVER PAGE DEFINITIONS
\seriesTOdoi=\skip168
--USGS, defining the makefrontcover command
--USGS, defining the makecolophon command
--USGS, defining the makebackcover command
\backcoveroffset=\skip169
\backcovertitlelength=\skip170
) (/Users/mnfienen/Library/texmf/tex/latex/latex/usgsidx.sty
Package: usgsidx 2007/09/03

(/usr/local/texlive/2012/texmf-dist/tex/latex/base/makeidx.sty
Package: makeidx 2000/03/29 v1.0m Standard LaTeX package
)
COMMANDS CONTROLLING THE INDEX SECTION IN USGS REPORTS
\@oldparindent=\skip171
\@oldparskip=\skip172
\@oldcolumnseprule=\skip173
\@oldcolumnsep=\skip174
) (/usr/local/texlive/2012/texmf-dist/tex/latex/psnfss/mathptmx.sty
Package: mathptmx 2005/04/12 PSNFSS-v9.2a Times w/ Math, improved (SPQR, WaS) 
LaTeX Font Info:    Redeclaring symbol font `operators' on input line 28.
LaTeX Font Info:    Overwriting symbol font `operators' in version `normal'
(Font)                  OT1/cmr/m/n --> OT1/ztmcm/m/n on input line 28.
LaTeX Font Info:    Overwriting symbol font `operators' in version `bold'
(Font)                  OT1/cmr/bx/n --> OT1/ztmcm/m/n on input line 28.
LaTeX Font Info:    Redeclaring symbol font `letters' on input line 29.
LaTeX Font Info:    Overwriting symbol font `letters' in version `normal'
(Font)                  OML/cmm/m/it --> OML/ztmcm/m/it on input line 29.
LaTeX Font Info:    Overwriting symbol font `letters' in version `bold'
(Font)                  OML/cmm/b/it --> OML/ztmcm/m/it on input line 29.
LaTeX Font Info:    Redeclaring symbol font `symbols' on input line 30.
LaTeX Font Info:    Overwriting symbol font `symbols' in version `normal'
(Font)                  OMS/cmsy/m/n --> OMS/ztmcm/m/n on input line 30.
LaTeX Font Info:    Overwriting symbol font `symbols' in version `bold'
(Font)                  OMS/cmsy/b/n --> OMS/ztmcm/m/n on input line 30.
LaTeX Font Info:    Redeclaring symbol font `largesymbols' on input line 31.
LaTeX Font Info:    Overwriting symbol font `largesymbols' in version `normal'
(Font)                  OMX/cmex/m/n --> OMX/ztmcm/m/n on input line 31.
LaTeX Font Info:    Overwriting symbol font `largesymbols' in version `bold'
(Font)                  OMX/cmex/m/n --> OMX/ztmcm/m/n on input line 31.
\symbold=\mathgroup4
\symitalic=\mathgroup5
LaTeX Font Info:    Redeclaring math alphabet \mathbf on input line 34.
LaTeX Font Info:    Overwriting math alphabet `\mathbf' in version `normal'
(Font)                  OT1/cmr/bx/n --> OT1/ptm/bx/n on input line 34.
LaTeX Font Info:    Overwriting math alphabet `\mathbf' in version `bold'
(Font)                  OT1/cmr/bx/n --> OT1/ptm/bx/n on input line 34.
LaTeX Font Info:    Redeclaring math alphabet \mathit on input line 35.
LaTeX Font Info:    Overwriting math alphabet `\mathit' in version `normal'
(Font)                  OT1/cmr/m/it --> OT1/ptm/m/it on input line 35.
LaTeX Font Info:    Overwriting math alphabet `\mathit' in version `bold'
(Font)                  OT1/cmr/bx/it --> OT1/ptm/m/it on input line 35.
LaTeX Info: Redefining \hbar on input line 50.
)
\@indexfile=\write4
\openout4 = `bgaPEST_post_ed.idx'.


Writing index file bgaPEST_post_ed.idx
(/Users/mnfienen/Library/texmf/tex/latex/latex/usgshyperref.sty
Package: usgshyperref 2010/01/20

(/usr/local/texlive/2012/texmf-dist/tex/latex/hyperref/hyperref.sty
Package: hyperref 2012/05/13 v6.82q Hypertext links for LaTeX

(/usr/local/texlive/2012/texmf-dist/tex/generic/oberdiek/hobsub-hyperref.sty
Package: hobsub-hyperref 2012/05/28 v1.13 Bundle oberdiek, subset hyperref (HO)


(/usr/local/texlive/2012/texmf-dist/tex/generic/oberdiek/hobsub-generic.sty
Package: hobsub-generic 2012/05/28 v1.13 Bundle oberdiek, subset generic (HO)
Package: hobsub 2012/05/28 v1.13 Construct package bundles (HO)
Package hobsub Info: Skipping package `infwarerr' (already loaded).
Package hobsub Info: Skipping package `ltxcmds' (already loaded).
Package: ifluatex 2010/03/01 v1.3 Provides the ifluatex switch (HO)
Package ifluatex Info: LuaTeX not detected.
Package hobsub Info: Skipping package `ifvtex' (already loaded).
Package: intcalc 2007/09/27 v1.1 Expandable calculations with integers (HO)
Package hobsub Info: Skipping package `ifpdf' (already loaded).
Package: etexcmds 2011/02/16 v1.5 Avoid name clashes with e-TeX commands (HO)
Package etexcmds Info: Could not find \expanded.
(etexcmds)             That can mean that you are not using pdfTeX 1.50 or
(etexcmds)             that some package has redefined \expanded.
(etexcmds)             In the latter case, load this package earlier.
Package: kvsetkeys 2012/04/25 v1.16 Key value parser (HO)
Package: kvdefinekeys 2011/04/07 v1.3 Define keys (HO)
Package: pdftexcmds 2011/11/29 v0.20 Utility functions of pdfTeX for LuaTeX (HO
)
Package pdftexcmds Info: LuaTeX not detected.
Package pdftexcmds Info: \pdf@primitive is available.
Package pdftexcmds Info: \pdf@ifprimitive is available.
Package pdftexcmds Info: \pdfdraftmode found.
Package: pdfescape 2011/11/25 v1.13 Implements pdfTeX's escape features (HO)
Package: bigintcalc 2012/04/08 v1.3 Expandable calculations on big integers (HO
)
Package: bitset 2011/01/30 v1.1 Handle bit-vector datatype (HO)
Package: uniquecounter 2011/01/30 v1.2 Provide unlimited unique counter (HO)
)
Package hobsub Info: Skipping package `hobsub' (already loaded).
Package: letltxmacro 2010/09/02 v1.4 Let assignment for LaTeX macros (HO)
Package: hopatch 2012/05/28 v1.2 Wrapper for package hooks (HO)
Package: xcolor-patch 2011/01/30 xcolor patch
Package: atveryend 2011/06/30 v1.8 Hooks at the very end of document (HO)
Package atveryend Info: \enddocument detected (standard20110627).
Package: atbegshi 2011/10/05 v1.16 At begin shipout hook (HO)
Package: refcount 2011/10/16 v3.4 Data extraction from label references (HO)
Package: hycolor 2011/01/30 v1.7 Color options for hyperref/bookmark (HO)
)
(/usr/local/texlive/2012/texmf-dist/tex/latex/oberdiek/kvoptions.sty
Package: kvoptions 2011/06/30 v3.11 Key value format for package options (HO)
)
\@linkdim=\dimen153
\Hy@linkcounter=\count126
\Hy@pagecounter=\count127

(/usr/local/texlive/2012/texmf-dist/tex/latex/hyperref/pd1enc.def
File: pd1enc.def 2012/05/13 v6.82q Hyperref: PDFDocEncoding definition (HO)
)
\Hy@SavedSpaceFactor=\count128

(/usr/local/texlive/2012/texmf-dist/tex/latex/latexconfig/hyperref.cfg
File: hyperref.cfg 2002/06/06 v1.2 hyperref configuration of TeXLive
)

Package hyperref Warning: Token not allowed in a PDF string (PDFDocEncoding):
(hyperref)                removing `\unhbox' on input line 3941.


Package hyperref Warning: Token not allowed in a PDF string (PDFDocEncoding):
(hyperref)                removing `\voidb@x' on input line 3941.

Package hyperref Info: Option `colorlinks' set `true' on input line 3941.
Package hyperref Info: Hyper figures OFF on input line 4062.
Package hyperref Info: Link nesting OFF on input line 4067.
Package hyperref Info: Hyper index ON on input line 4070.
Package hyperref Info: Plain pages OFF on input line 4077.
Package hyperref Info: Backreferencing OFF on input line 4082.
Package hyperref Info: Implicit mode ON; LaTeX internals redefined.
Package hyperref Info: Bookmarks ON on input line 4300.
LaTeX Info: Redefining \href on input line 4564.
\c@Hy@tempcnt=\count129
LaTeX Info: Redefining \url on input line 4653.
\Fld@menulength=\count130
\Field@Width=\dimen154
\Fld@charsize=\dimen155
Package hyperref Info: Hyper figures OFF on input line 5773.
Package hyperref Info: Link nesting OFF on input line 5778.
Package hyperref Info: Hyper index ON on input line 5781.
Package hyperref Info: backreferencing OFF on input line 5788.
Package hyperref Info: Link coloring ON on input line 5791.
Package hyperref Info: Link coloring with OCG OFF on input line 5798.
Package hyperref Info: PDF/A mode OFF on input line 5803.
LaTeX Info: Redefining \ref on input line 5843.
LaTeX Info: Redefining \pageref on input line 5847.
\Hy@abspage=\count131
\c@Item=\count132
\c@Hfootnote=\count133
)

Package hyperref Message: Driver (autodetected): hpdftex.

(/usr/local/texlive/2012/texmf-dist/tex/latex/hyperref/hpdftex.def
File: hpdftex.def 2012/05/13 v6.82q Hyperref driver for pdfTeX
\Fld@listcount=\count134
\c@bookmark@seq@number=\count135

(/usr/local/texlive/2012/texmf-dist/tex/latex/oberdiek/rerunfilecheck.sty
Package: rerunfilecheck 2011/04/15 v1.7 Rerun checks for auxiliary files (HO)
Package uniquecounter Info: New unique counter `rerunfilecheck' on input line 2
82.
)
\Hy@SectionHShift=\skip175
)
Package hyperref Info: Option `linktocpage' set `true' on input line 43.

COMMANDS CONTROLLING THE HYPERLINKING IN USGS REPORTS

Package hyperref Warning: Option `pagecolor' is not available anymore.

)
No file bgaPEST_post_ed.aux.
\openout1 = `bgaPEST_post_ed.aux'.

LaTeX Font Info:    Checking defaults for OML/cmm/m/it on input line 113.
LaTeX Font Info:    ... okay on input line 113.
LaTeX Font Info:    Checking defaults for T1/cmr/m/n on input line 113.
LaTeX Font Info:    ... okay on input line 113.
LaTeX Font Info:    Checking defaults for OT1/cmr/m/n on input line 113.
LaTeX Font Info:    ... okay on input line 113.
LaTeX Font Info:    Checking defaults for OMS/cmsy/m/n on input line 113.
LaTeX Font Info:    ... okay on input line 113.
LaTeX Font Info:    Checking defaults for OMX/cmex/m/n on input line 113.
LaTeX Font Info:    ... okay on input line 113.
LaTeX Font Info:    Checking defaults for U/cmr/m/n on input line 113.
LaTeX Font Info:    ... okay on input line 113.
LaTeX Font Info:    Checking defaults for PD1/pdf/m/n on input line 113.
LaTeX Font Info:    ... okay on input line 113.
LaTeX Font Info:    Try loading font information for OT1+ptm on input line 113.

(/usr/local/texlive/2012/texmf-dist/tex/latex/psnfss/ot1ptm.fd
File: ot1ptm.fd 2001/06/04 font definitions for OT1/ptm.
)
*geometry* driver: auto-detecting
*geometry* detected driver: pdftex
*geometry* verbose mode - [ preamble ] result:
* driver: pdftex
* paper: <default>
* layout: <same size as paper>
* layoutoffset:(h,v)=(0.0pt,0.0pt)
* modes: twoside heightrounded 
* h-part:(L,W,R)=(72.26999pt, 486.59406pt, 55.43095pt)
* v-part:(T,H,B)=(72.26999pt, 650.43001pt, 72.26999pt)
* \paperwidth=614.295pt
* \paperheight=794.96999pt
* \textwidth=486.59406pt
* \textheight=650.20029pt
* \oddsidemargin=0.0pt
* \evensidemargin=-16.83904pt
* \topmargin=-23.08623pt
* \headheight=14.05249pt
* \headsep=9.03374pt
* \topskip=11.0pt
* \footskip=14.05249pt
* \marginparwidth=113.0pt
* \marginparsep=10.0pt
* \columnsep=17.34518pt
* \skip\footins=6.8pt plus 2.35728pt
* \hoffset=0.0pt
* \voffset=0.0pt
* \mag=1000
* \@twocolumnfalse
* \@twosidetrue
* \@mparswitchtrue
* \@reversemarginfalse
* (1in=72.27pt=25.4mm, 1cm=28.453pt)

(/usr/local/texlive/2012/texmf-dist/tex/context/base/supp-pdf.mkii
[Loading MPS to PDF converter (version 2006.09.02).]
\scratchcounter=\count136
\scratchdimen=\dimen156
\scratchbox=\box59
\nofMPsegments=\count137
\nofMParguments=\count138
\everyMPshowfont=\toks28
\MPscratchCnt=\count139
\MPscratchDim=\dimen157
\MPnumerator=\count140
\makeMPintoPDFobject=\count141
\everyMPtoPDFconversion=\toks29
) (/usr/local/texlive/2012/texmf-dist/tex/latex/oberdiek/epstopdf-base.sty
Package: epstopdf-base 2010/02/09 v2.5 Base part for package epstopdf

(/usr/local/texlive/2012/texmf-dist/tex/latex/oberdiek/grfext.sty
Package: grfext 2010/08/19 v1.1 Manage graphics extensions (HO)
)
Package grfext Info: Graphics extension search list:
(grfext)             [.png,.pdf,.jpg,.mps,.jpeg,.jbig2,.jb2,.PNG,.PDF,.JPG,.JPE
G,.JBIG2,.JB2,.eps]
(grfext)             \AppendGraphicsExtensions on input line 452.

(/usr/local/texlive/2012/texmf-dist/tex/latex/latexconfig/epstopdf-sys.cfg
File: epstopdf-sys.cfg 2010/07/13 v1.3 Configuration of (r)epstopdf for TeX Liv
e
))
ABD: EverySelectfont initializing macros
LaTeX Info: Redefining \selectfont on input line 113.
Package caption Info: Begin \AtBeginDocument code.
Package caption Info: hyperref package is loaded.
Package caption Info: End \AtBeginDocument code.
\AtBeginShipoutBox=\box60
Package hyperref Info: Link coloring ON on input line 113.

(/usr/local/texlive/2012/texmf-dist/tex/latex/hyperref/nameref.sty
Package: nameref 2010/04/30 v2.40 Cross-referencing by name of section

(/usr/local/texlive/2012/texmf-dist/tex/generic/oberdiek/gettitlestring.sty
Package: gettitlestring 2010/12/03 v1.4 Cleanup title references (HO)
)
\c@section@level=\count142
)
LaTeX Info: Redefining \ref on input line 113.
LaTeX Info: Redefining \pageref on input line 113.
LaTeX Info: Redefining \nameref on input line 113.

(./bgaPEST_post_ed.out) (./bgaPEST_post_ed.out)
\@outlinefile=\write5
\openout5 = `bgaPEST_post_ed.out'.

LaTeX Font Info:    Try loading font information for OT1+fun on input line 122.


(/Users/mnfienen/Library/texmf/tex/latex/latex/funivers/ot1fun.fd
File: ot1fun.fd 2006/11/15 Fontinst v1.929 font definitions for OT1/fun.
) [1



{/usr/local/texlive/2012/texmf-var/fonts/map/pdftex/updmap/pdftex.map}] [2]

Package hyperref Warning: old toc file detected, not used; run LaTeX again.

\tf@toc=\write6
\openout6 = `bgaPEST_post_ed.toc'.


Package hyperref Warning: old lof file detected, not used; run LaTeX again.

\tf@lof=\write7
\openout7 = `bgaPEST_post_ed.lof'.


Package hyperref Warning: old lot file detected, not used; run LaTeX again.

\tf@lot=\write8
\openout8 = `bgaPEST_post_ed.lot'.

LaTeX Font Info:    Try loading font information for OT1+ztmcm on input line 12
2.
(/usr/local/texlive/2012/texmf-dist/tex/latex/psnfss/ot1ztmcm.fd
File: ot1ztmcm.fd 2000/01/03 Fontinst v1.801 font definitions for OT1/ztmcm.
)
LaTeX Font Info:    Try loading font information for OML+ztmcm on input line 12
2.

(/usr/local/texlive/2012/texmf-dist/tex/latex/psnfss/omlztmcm.fd
File: omlztmcm.fd 2000/01/03 Fontinst v1.801 font definitions for OML/ztmcm.
)
LaTeX Font Info:    Try loading font information for OMS+ztmcm on input line 12
2.

(/usr/local/texlive/2012/texmf-dist/tex/latex/psnfss/omsztmcm.fd
File: omsztmcm.fd 2000/01/03 Fontinst v1.801 font definitions for OMS/ztmcm.
)
LaTeX Font Info:    Try loading font information for OMX+ztmcm on input line 12
2.

(/usr/local/texlive/2012/texmf-dist/tex/latex/psnfss/omxztmcm.fd
File: omxztmcm.fd 2000/01/03 Fontinst v1.801 font definitions for OMX/ztmcm.
)
LaTeX Font Info:    Font shape `OT1/ptm/bx/n' in size <10> not available
(Font)              Font shape `OT1/ptm/b/n' tried instead on input line 122.
LaTeX Font Info:    Font shape `OT1/ptm/bx/n' in size <7.4> not available
(Font)              Font shape `OT1/ptm/b/n' tried instead on input line 122.
LaTeX Font Info:    Font shape `OT1/ptm/bx/n' in size <6> not available
(Font)              Font shape `OT1/ptm/b/n' tried instead on input line 122.
 [3] [4

]
LaTeX Font Info:    Font shape `OT1/ptm/bx/n' in size <10.95> not available
(Font)              Font shape `OT1/ptm/b/n' tried instead on input line 122.
LaTeX Font Info:    Font shape `OT1/ptm/bx/n' in size <8> not available
(Font)              Font shape `OT1/ptm/b/n' tried instead on input line 122.
LaTeX Font Info:    Font shape `OT1/ptm/bx/n' in size <5> not available
(Font)              Font shape `OT1/ptm/b/n' tried instead on input line 127.


Package natbib Warning: Citation `PEST4' on page 1 undefined on input line 171.



Package natbib Warning: Citation `PESTAdd4' on page 1 undefined on input line 1
71.

[1


]

Package natbib Warning: Citation `PEST4' on page 2 undefined on input line 241.



Package natbib Warning: Citation `BantaEtAl2006' on page 2 undefined on input l
ine 249.


LaTeX Warning: Reference `sec:Input-Instructions' on page 2 undefined on input 
line 252.


Package natbib Warning: Citation `PEST4' on page 2 undefined on input line 254.


[2]

LaTeX Warning: Reference `sec:Input-Instructions' on page 3 undefined on input 
line 268.


LaTeX Warning: Reference `sec:quickstart' on page 3 undefined on input line 269
.


LaTeX Warning: Reference `sec:methodologyDetails' on page 3 undefined on input 
line 270.


LaTeX Warning: Reference `sec:example1' on page 3 undefined on input line 271.


LaTeX Warning: Reference `sec:example3' on page 3 undefined on input line 271.


LaTeX Warning: Reference `sec:methodologyDetails' on page 3 undefined on input 
line 289.


LaTeX Warning: Reference `eq:bayes1' on page 3 undefined on input line 339.


Package natbib Warning: Citation `Tikhonov1963a' on page 3 undefined on input l
ine 350.


Package natbib Warning: Citation `Tikhonov1963b' on page 3 undefined on input l
ine 350.


Package natbib Warning: Citation `AsterEtal2005' on page 3 undefined on input l
ine 350.


Package natbib Warning: Citation `jaynesBook' on page 3 undefined on input line
 353.

[3]

Package natbib Warning: Citation `fienenIsthmusWRR' on page 4 undefined on inpu
t line 379.


Underfull \vbox (badness 5681) has occurred while \output is active []



LaTeX Warning: Reference `eq:bayes1' on page 4 undefined on input line 407.


Package natbib Warning: Citation `PEST4' on page 4 undefined on input line 413.



Package natbib Warning: Citation `Isaaks1989' on page 4 undefined on input line
 431.


Package natbib Warning: Citation `DeutschJourneal1992' on page 4 undefined on i
nput line 431.


Package natbib Warning: Citation `Kitanidis1997' on page 4 undefined on input l
ine 431.


Package natbib Warning: Citation `sgems' on page 4 undefined on input line 431.


[4]

LaTeX Warning: Reference `fig:mikephoto' on page 5 undefined on input line 435.



LaTeX Warning: Reference `fig:mikephoto' on page 5 undefined on input line 447.


<figures/Kriging_image.pdf, id=362, 578.16pt x 360.62932pt>
File: figures/Kriging_image.pdf Graphic file (type pdf)

<use figures/Kriging_image.pdf>
Package pdftex.def Info: figures/Kriging_image.pdf used on input line 457.
(pdftex.def)             Requested size: 289.07928pt x 180.31421pt.


Package caption Warning: `ragged2e' support has been changed.
(caption)                Rerun to get captions right on input line 466.
See the caption package documentation for explanation.

LaTeX Font Info:    Calculating math sizes for size <9.5> on input line 466.
LaTeX Font Info:    Font shape `OT1/ptm/bx/n' in size <9.5> not available
(Font)              Font shape `OT1/ptm/b/n' tried instead on input line 466.
LaTeX Font Info:    Font shape `OT1/ptm/bx/n' in size <7.03004> not available
(Font)              Font shape `OT1/ptm/b/n' tried instead on input line 466.
LaTeX Font Info:    Font shape `OT1/ptm/bx/n' in size <5.70006> not available
(Font)              Font shape `OT1/ptm/b/n' tried instead on input line 466.

Package natbib Warning: Citation `sgems' on page 5 undefined on input line 466.


<figures/exponential_variogram.pdf, id=363, 538.73573pt x 371.84723pt>
File: figures/exponential_variogram.pdf Graphic file (type pdf)

<use figures/exponential_variogram.pdf>
Package pdftex.def Info: figures/exponential_variogram.pdf used on input line 4
70.
(pdftex.def)             Requested size: 269.3672pt x 185.92316pt.


Package natbib Warning: Citation `sgems' on page 5 undefined on input line 476.



LaTeX Warning: Reference `fig:varill' on page 5 undefined on input line 500.


LaTeX Warning: Reference `fig:varill' on page 5 undefined on input line 512.

[5] [6 <./figures/Kriging_image.pdf> <./figures/exponential_variogram.pdf>]

Package natbib Warning: Citation `KitanidisVomvoris1983' on page 7 undefined on
 input line 525.


Package natbib Warning: Citation `HoeksemaKitanidis1984a' on page 7 undefined o
n input line 525.


Package natbib Warning: Citation `Kitanidis1995' on page 7 undefined on input l
ine 525.


Package natbib Warning: Citation `NowakCirpka2004' on page 7 undefined on input
 line 525.


LaTeX Warning: Reference `sec:methodologyDetails' on page 7 undefined on input 
line 528.

<figures/normals.pdf, id=608, 614.295pt x 371.3875pt>
File: figures/normals.pdf Graphic file (type pdf)

<use figures/normals.pdf>
Package pdftex.def Info: figures/normals.pdf used on input line 544.
(pdftex.def)             Requested size: 276.43019pt x 167.12282pt.


LaTeX Warning: Reference `fig:normals' on page 7 undefined on input line 551.


LaTeX Warning: Reference `eq:bayes' on page 7 undefined on input line 552.


Package natbib Warning: Citation `Robbins1956' on page 7 undefined on input lin
e 564.


Package natbib Warning: Citation `casella1985' on page 7 undefined on input lin
e 564.


Package natbib Warning: Citation `Chamberlin1890' on page 7 undefined on input 
line 581.


Package natbib Warning: Citation `drapersmith66' on page 7 undefined on input l
ine 605.


Package natbib Warning: Citation `Hill2006' on page 7 undefined on input line 6
05.


Package natbib Warning: Citation `Rubin2003' on page 7 undefined on input line 
609.


Package natbib Warning: Citation `NowakCirpka2004' on page 7 undefined on input
 line 612.

[7

]

Package natbib Warning: Citation `Rubin2003' on page 8 undefined on input line 
634.


Underfull \vbox (badness 10000) has occurred while \output is active []


Underfull \vbox (badness 10000) has occurred while \output is active []

 [8 <./figures/normals.pdf>]

Package natbib Warning: Citation `fienenEtal2004' on page 9 undefined on input 
line 690.


Package natbib Warning: Citation `FienenWRR2008' on page 9 undefined on input l
ine 691.


Package natbib Warning: Citation `fienenIsthmusWRR' on page 9 undefined on inpu
t line 709.


Package natbib Warning: Citation `Collinson1969' on page 9 undefined on input l
ine 713.


Package natbib Warning: Citation `Walker1984' on page 9 undefined on input line
 713.


Package natbib Warning: Citation `Walker1992' on page 9 undefined on input line
 713.


Package natbib Warning: Citation `SwiftEtAl2003' on page 9 undefined on input l
ine 713.


LaTeX Warning: Reference `eq:bestest' on page 9 undefined on input line 726.

[9]

Package natbib Warning: Citation `PEST4' on page 10 undefined on input line 783
.


Package natbib Warning: Citation `PESTAdd4' on page 10 undefined on input line 
783.


Package natbib Warning: Citation `PEST4' on page 10 undefined on input line 822
.

LaTeX Font Info:    Try loading font information for OMS+ptm on input line 828.

(/usr/local/texlive/2012/texmf-dist/tex/latex/psnfss/omsptm.fd
File: omsptm.fd 
)
LaTeX Font Info:    Font shape `OMS/ptm/m/n' in size <6> not available
(Font)              Font shape `OMS/cmsy/m/n' tried instead on input line 828.


LaTeX Warning: Reference `sec:parallel' on page 10 undefined on input line 839.



Package natbib Warning: Citation `GENIE' on page 10 undefined on input line 840
.

[10]

LaTeX Warning: Reference `fig:flowchart' on page 11 undefined on input line 848
.


LaTeX Warning: Reference `sec:methodologyDetails' on page 11 undefined on input
 line 858.

<figures/flowchart_short2.pdf, id=674, 526.96875pt x 372.39125pt>
File: figures/flowchart_short2.pdf Graphic file (type pdf)

<use figures/flowchart_short2.pdf>
Package pdftex.def Info: figures/flowchart_short2.pdf used on input line 883.
(pdftex.def)             Requested size: 395.22559pt x 279.29274pt.


LaTeX Warning: Reference `sec:Input-Instructions' on page 11 undefined on input
 line 904.

[11]

LaTeX Font Warning: Font shape `OT1/cmtt/b/n' undefined
(Font)              using `OT1/cmtt/m/n' instead on input line 909.


LaTeX Warning: Reference `eq:phiT' on page 12 undefined on input line 939.

[12 <./figures/flowchart_short2.pdf>]

LaTeX Warning: Reference `eq:phiT' on page 13 undefined on input line 950.


LaTeX Warning: Reference `sec:Input-Instructions' on page 13 undefined on input
 line 972.

[13]

LaTeX Warning: Reference `sec:Input-Instructions' on page 14 undefined on input
 line 1049.


Underfull \vbox (badness 10000) has occurred while \output is active []



Package hyperref Warning: Token not allowed in a PDF string (PDFDocEncoding):
(hyperref)                removing `\newline' on input line 1076.


Package natbib Warning: Citation `SnodgrassPKK1998' on page 14 undefined on inp
ut line 1091.


Package natbib Warning: Citation `LiCirpka2007' on page 14 undefined on input l
ine 1092.


Package natbib Warning: Citation `FienenWRR2008' on page 14 undefined on input 
line 1092.


Package natbib Warning: Citation `LiCirpka2008' on page 14 undefined on input l
ine 1092.


Package natbib Warning: Citation `CardiffPKK2009' on page 14 undefined on input
 line 1092.


Package natbib Warning: Citation `cardiff2012' on page 14 undefined on input li
ne 1092.


Package natbib Warning: Citation `fienenEtal2004' on page 14 undefined on input
 line 1093.


Package natbib Warning: Citation `SnodgrassPKK1997' on page 14 undefined on inp
ut line 1094.


Package natbib Warning: Citation `MichalakPKK2002a' on page 14 undefined on inp
ut line 1094.


Package natbib Warning: Citation `MichalakPKK2003' on page 14 undefined on inpu
t line 1094.


Package natbib Warning: Citation `FienenWRR2006' on page 14 undefined on input 
line 1095.


Package natbib Warning: Citation `MIchalak2004' on page 14 undefined on input l
ine 1097.


Package natbib Warning: Citation `MuellerEtAl2008' on page 14 undefined on inpu
t line 1097.

[14]

Package natbib Warning: Citation `Condor766' on page 15 undefined on input line
 1125.


LaTeX Warning: Reference `sec:parallel' on page 15 undefined on input line 1125
.


Package natbib Warning: Citation `TownleyWilson1985' on page 15 undefined on in
put line 1130.


Package natbib Warning: Citation `Sykes1985' on page 15 undefined on input line
 1130.


Package natbib Warning: Citation `SamperNeuman1986' on page 15 undefined on inp
ut line 1130.


Package natbib Warning: Citation `RamaRao1995' on page 15 undefined on input li
ne 1130.


Package natbib Warning: Citation `neupauerWilson1999' on page 15 undefined on i
nput line 1130.


Package natbib Warning: Citation `LiNowakCirpka2005' on page 15 undefined on in
put line 1146.


Package natbib Warning: Citation `R' on page 15 undefined on input line 1147.


Package natbib Warning: Citation `TSPROC' on page 15 undefined on input line 11
48.

[15]

LaTeX Warning: Reference `sec:methodologyDetails' on page 16 undefined on input
 line 1199.


Package natbib Warning: Citation `Kitanidis1995' on page 16 undefined on input 
line 1238.


Underfull \vbox (badness 4416) has occurred while \output is active []

 [16]

Package natbib Warning: Citation `beoPEST' on page 17 undefined on input line 1
270.


Package natbib Warning: Citation `GENIE' on page 17 undefined on input line 127
0.


Package natbib Warning: Citation `Kitanidis1995' on page 17 undefined on input 
line 1302.

[17]
Missing character: There is no Õ in font ptmr7t!

Underfull \vbox (badness 10000) has occurred while \output is active []


Underfull \vbox (badness 10000) has occurred while \output is active []

 [18]
Underfull \vbox (badness 10000) has occurred while \output is active []


Underfull \vbox (badness 10000) has occurred while \output is active []

 [19]
Missing character: There is no Õ in font ptmr7t!

[20

]
LaTeX Font Info:    Calculating math sizes for size <16> on input line 1495.
LaTeX Font Info:    Font shape `OT1/ptm/bx/n' in size <16> not available
(Font)              Font shape `OT1/ptm/b/n' tried instead on input line 1495.
LaTeX Font Info:    Font shape `OT1/ptm/bx/n' in size <11.84009> not available
(Font)              Font shape `OT1/ptm/b/n' tried instead on input line 1495.
LaTeX Font Info:    Font shape `OT1/ptm/bx/n' in size <9.6001> not available
(Font)              Font shape `OT1/ptm/b/n' tried instead on input line 1495.
 [21


] [22


]

Package natbib Warning: Citation `BantaEtAl2006' on page 23 undefined on input 
line 1507.

[23

]

LaTeX Font Warning: Font shape `OT1/cmtt/m/n' in size <13> not available
(Font)              size <12> substituted on input line 1621.

[24]

LaTeX Warning: Reference `sec:parallel' on page 25 undefined on input line 1669
.


LaTeX Warning: Reference `sec:methodologyDetails' on page 25 undefined on input
 line 1707.

[25]

LaTeX Warning: Reference `sec:methodologyDetails' on page 26 undefined on input
 line 1761.

[26]

LaTeX Warning: Reference `sec:methodologyDetails' on page 27 undefined on input
 line 1819.

[27] [28]

LaTeX Warning: Reference `fig:anisotropy' on page 29 undefined on input line 19
53.


LaTeX Warning: Reference `fig:anisotropy' on page 29 undefined on input line 19
56.


LaTeX Warning: Reference `fig:anisotropy' on page 29 undefined on input line 19
59.


Package natbib Warning: Citation `PESTAdd2' on page 29 undefined on input line 
1981.


Package natbib Warning: Citation `PESTAdd2' on page 29 undefined on input line 
1983.

[29]

LaTeX Warning: Reference `fig:matrix' on page 30 undefined on input line 1985.

<figures/standard_PEST_matrix.pdf, id=851, 1447.4075pt x 470.75874pt>
File: figures/standard_PEST_matrix.pdf Graphic file (type pdf)

<use figures/standard_PEST_matrix.pdf>
Package pdftex.def Info: figures/standard_PEST_matrix.pdf used on input line 19
90.
(pdftex.def)             Requested size: 361.851pt x 117.68939pt.


Package natbib Warning: Citation `PESTAdd2' on page 30 undefined on input line 
1991.


Package natbib Warning: Citation `PESTAdd2' on page 30 undefined on input line 
2014.

pdfTeX warning (ext4): destination with the same identifier (name{cite.BantaEtA
l2006}) has been already used, duplicate ignored
<to be read again> 
                   \relax 
l.2037   Hill}]{BantaEtAl2006}
                               [30 <./figures/standard_PEST_matrix.pdf>]
[31


] [32


]

LaTeX Warning: Reference `sec:Input-Instructions' on page 33 undefined on input
 line 2051.


Package natbib Warning: Citation `PEST3' on page 33 undefined on input line 206
5.

[33

] [34] [35]
Underfull \vbox (badness 10000) has occurred while \output is active []

 [36]

LaTeX Warning: Reference `tab:variables1-1' on page 37 undefined on input line 
2235.


LaTeX Warning: Reference `tab:variables1-2' on page 37 undefined on input line 
2235.

<Variables_for_documentation1.pdf, id=939, 1007.04233pt x 1303.22884pt>
File: Variables_for_documentation1.pdf Graphic file (type pdf)

<use Variables_for_documentation1.pdf>
Package pdftex.def Info: Variables_for_documentation1.pdf used on input line 22
40.
(pdftex.def)             Requested size: 503.51993pt x 651.61282pt.

Overfull \hbox (16.92587pt too wide) in paragraph at lines 2240--2240
 [] 
 []


LaTeX Warning: Float too large for page by 50.41254pt on input line 2243.

<Variables_for_documentation2.pdf, id=940, 1007.04233pt x 1303.22884pt>
File: Variables_for_documentation2.pdf Graphic file (type pdf)

<use Variables_for_documentation2.pdf>
Package pdftex.def Info: Variables_for_documentation2.pdf used on input line 22
48.
(pdftex.def)             Requested size: 503.51993pt x 651.61282pt.

Overfull \hbox (16.92587pt too wide) in paragraph at lines 2248--2248
 [] 
 []


LaTeX Warning: Float too large for page by 50.41254pt on input line 2250.

[37] [38 <./Variables_for_documentation1.pdf>] [39 <./Variables_for_documentati
on2.pdf>] [40


] [41

] [42


]

Package natbib Warning: Citation `KitanidisVomvoris1983' on page 43 undefined o
n input line 2270.


Package natbib Warning: Citation `HoeksemaKitanidis1984a' on page 43 undefined 
on input line 2270.


Package natbib Warning: Citation `Kitanidis1995' on page 43 undefined on input 
line 2270.


Package natbib Warning: Citation `NowakCirpka2004' on page 43 undefined on inpu
t line 2270.


Package natbib Warning: Citation `Kitanidis1995' on page 43 undefined on input 
line 2351.

[43

]

LaTeX Warning: Reference `eq:cokriging-1' on page 44 undefined on input line 23
67.


LaTeX Warning: Reference `eq:BGA' on page 44 undefined on input line 2393.


Package natbib Warning: Citation `Press1992' on page 44 undefined on input line
 2417.


LaTeX Warning: Reference `fig:anisotropy' on page 44 undefined on input line 24
36.

<figures/anisotropy.pdf, id=1072, 278.03876pt x 198.7425pt>
File: figures/anisotropy.pdf Graphic file (type pdf)

<use figures/anisotropy.pdf>
Package pdftex.def Info: figures/anisotropy.pdf used on input line 2452.
(pdftex.def)             Requested size: 278.03807pt x 198.742pt.
 [44]

Package natbib Warning: Citation `fienenEtal2004' on page 45 undefined on input
 line 2527.


Package natbib Warning: Citation `FienenWRR2008' on page 45 undefined on input 
line 2527.

[45 <./figures/anisotropy.pdf>]

LaTeX Warning: Reference `eq:exp_GCF' on page 46 undefined on input line 2557.


Package natbib Warning: Citation `FienenWRR2008' on page 46 undefined on input 
line 2566.


LaTeX Warning: Reference `eq:prior' on page 46 undefined on input line 2585.

[46]

Package natbib Warning: Citation `NowakCirpka2004' on page 47 undefined on inpu
t line 2602.


Package natbib Warning: Citation `KitanidisVomvoris1983' on page 47 undefined o
n input line 2607.


Package natbib Warning: Citation `HoeksemaKitanidis1984a' on page 47 undefined 
on input line 2607.


Package natbib Warning: Citation `Kitanidis1995' on page 47 undefined on input 
line 2607.


Package natbib Warning: Citation `toeplitz' on page 47 undefined on input line 
2642.

[47]

Package natbib Warning: Citation `MarcoDiss' on page 48 undefined on input line
 2671.


LaTeX Warning: Reference `fig:toep' on page 48 undefined on input line 2674.


Package natbib Warning: Citation `Nowak2003' on page 48 undefined on input line
 2685.


Package natbib Warning: Citation `NowakCirpka2004' on page 48 undefined on inpu
t line 2685.


Package natbib Warning: Citation `LiCirpka2006' on page 48 undefined on input l
ine 2687.


LaTeX Warning: Reference `sec:Input-Instructions' on page 48 undefined on input
 line 2691.

<figures/toeplitz_3_level.pdf, id=1136, 556.39969pt x 575.60744pt>
File: figures/toeplitz_3_level.pdf Graphic file (type pdf)

<use figures/toeplitz_3_level.pdf>
Package pdftex.def Info: figures/toeplitz_3_level.pdf used on input line 2697.
(pdftex.def)             Requested size: 306.02077pt x 316.58507pt.


Package natbib Warning: Citation `MarcoDiss' on page 48 undefined on input line
 2704.


Underfull \vbox (badness 10000) has occurred while \output is active []

 [48 <./figures/toeplitz_3_level.pdf>]

Package natbib Warning: Citation `Rubin2003' on page 49 undefined on input line
 2726.


Package natbib Warning: Citation `GaganisSmith2001' on page 49 undefined on inp
ut line 2740.


Package natbib Warning: Citation `GallagherDoherty2007' on page 49 undefined on
 input line 2742.


LaTeX Warning: Reference `eq:R' on page 49 undefined on input line 2745.


LaTeX Warning: Reference `eq:R' on page 49 undefined on input line 2747.


LaTeX Warning: Reference `eq:final_prior' on page 49 undefined on input line 27
60.


LaTeX Warning: Reference `eq:likelihood' on page 49 undefined on input line 276
1.


Underfull \vbox (badness 1776) has occurred while \output is active []

 [49]

Package natbib Warning: Citation `Kitanidis1995' on page 50 undefined on input 
line 2805.


LaTeX Warning: Reference `eq:cokriging' on page 50 undefined on input line 2808
.


LaTeX Warning: Reference `eq:cokriging_nonlinear' on page 50 undefined on input
 line 2824.


LaTeX Warning: Reference `eq:shat' on page 50 undefined on input line 2826.


LaTeX Warning: Reference `eq:posterior' on page 50 undefined on input line 2827
.


LaTeX Warning: Reference `eq:phiT' on page 50 undefined on input line 2843.


LaTeX Warning: Reference `eq:Es' on page 50 undefined on input line 2876.

[50]

LaTeX Warning: Reference `eq:R' on page 51 undefined on input line 2892.


LaTeX Warning: Reference `eq:Qss' on page 51 undefined on input line 2893.


Package natbib Warning: Citation `KitanidisVomvoris1983' on page 51 undefined o
n input line 2895.


Package natbib Warning: Citation `Kitanidis1995' on page 51 undefined on input 
line 2895.


Package natbib Warning: Citation `LiCirpka2007' on page 51 undefined on input l
ine 2896.


LaTeX Warning: Reference `eq:theta_prior' on page 51 undefined on input line 29
29.


LaTeX Warning: Reference `eq:theta_like' on page 51 undefined on input line 293
0.


Package natbib Warning: Citation `Press1992' on page 51 undefined on input line
 2951.


Package natbib Warning: Citation `BoxCox1964' on page 51 undefined on input lin
e 2953.


Package natbib Warning: Citation `Kitanidis1995' on page 51 undefined on input 
line 2953.

[51]

Package natbib Warning: Citation `BoxCox1964' on page 52 undefined on input lin
e 2974.


Package natbib Warning: Citation `fienenEtal2004' on page 52 undefined on input
 line 2974.


Package natbib Warning: Citation `NowakCirpka2004' on page 52 undefined on inpu
t line 2995.


Package natbib Warning: Citation `Kitanidis1995' on page 52 undefined on input 
line 3008.


Package natbib Warning: Citation `Kitanidis1996ana' on page 52 undefined on inp
ut line 3008.

[52]pdfTeX warning (ext4): destination with the same identifier (name{cite.fien
enEtal2004}) has been already used, duplicate ignored
<to be read again> 
                   \relax 
l.3024   Jardine}]{fienenEtal2004}
                                  pdfTeX warning (ext4): destination with the s
ame identifier (name{cite.FienenWRR2008}) has been already used, duplicate igno
red
<to be read again> 
                   \relax 
l.3027 ...n, Clemo, and Kitanidis}]{FienenWRR2008}
                                                  pdfTeX warning (ext4): destin
ation with the same identifier (name{cite.HoeksemaKitanidis1984a}) has been alr
eady used, duplicate ignored
<to be read again> 
                   \relax 
l.3039 ...itanidis(1984)}]{HoeksemaKitanidis1984a}
                                                  pdfTeX warning (ext4): destin
ation with the same identifier (name{cite.Kitanidis1995}) has been already used
, duplicate ignored
<to be read again> 
                   \relax 
l.3042 \bibitem[{Kitanidis(1995)}]{Kitanidis1995}
                                                 pdfTeX warning (ext4): destina
tion with the same identifier (name{cite.KitanidisVomvoris1983}) has been alrea
dy used, duplicate ignored
<to be read again> 
                   \relax 
l.3048 ... Vomvoris(1983)}]{KitanidisVomvoris1983}
                                                  pdfTeX warning (ext4): destin
ation with the same identifier (name{cite.LiCirpka2007}) has been already used,
 duplicate ignored
<to be read again> 
                   \relax 
l.3055   Vereecken}]{LiCirpka2007}
                                  pdfTeX warning (ext4): destination with the s
ame identifier (name{cite.NowakCirpka2004}) has been already used, duplicate ig
nored
<to be read again> 
                   \relax 
l.3058 ...owak and Cirpka(2004)}]{NowakCirpka2004}
                                                  pdfTeX warning (ext4): destin
ation with the same identifier (name{cite.Rubin2003}) has been already used, du
plicate ignored
<to be read again> 
                   \relax 
l.3068 \bibitem[{Rubin(2003)}]{Rubin2003}
                                          [53] [54


] [55

] [56


]

Package natbib Warning: Citation `beoPEST' on page 57 undefined on input line 3
080.


Package natbib Warning: Citation `GENIE' on page 57 undefined on input line 308
0.


Package natbib Warning: Citation `Condor766' on page 57 undefined on input line
 3080.


Package natbib Warning: Citation `Condor766' on page 57 undefined on input line
 3082.


LaTeX Warning: Reference `sec:Input-Instructions' on page 57 undefined on input
 line 3082.


Package natbib Warning: Citation `Condor766' on page 57 undefined on input line
 3087.

LaTeX Font Info:    Font shape `OMS/ptm/m/n' in size <10.95> not available
(Font)              Font shape `OMS/cmsy/m/n' tried instead on input line 3091.


LaTeX Warning: Reference `sec:Input-Instructions' on page 57 undefined on input
 line 3110.


Package natbib Warning: Citation `Condor766' on page 57 undefined on input line
 3115.

[57

]pdfTeX warning (ext4): destination with the same identifier (name{cite.Condor7
66}) has been already used, duplicate ignored
<to be read again> 
                   \relax 
l.3142 \bibitem[{Condor Team(2012)}]{Condor766}
                                               pdfTeX warning (ext4): destinati
on with the same identifier (name{cite.GENIE}) has been already used, duplicate
 ignored
<to be read again> 
                   \relax 
l.3146   Tonkin, Hunt, and Welter}]{GENIE}
                                          pdfTeX warning (ext4): destination wi
th the same identifier (name{cite.beoPEST}) has been already used, duplicate ig
nored
<to be read again> 
                   \relax 
l.3149 \bibitem[{Schre\"{u}der(2009)}]{beoPEST}
                                                [58] [59


] [60


]

LaTeX Warning: Reference `fig:trueK1L' on page 61 undefined on input line 3160.



LaTeX Warning: Reference `fig:residL1-sigfixed' on page 61 undefined on input l
ine 3161.

<figures/TrueK.pdf, id=1394, 578.16pt x 433.62pt>
File: figures/TrueK.pdf Graphic file (type pdf)
 <use figures/TrueK.pdf>
Package pdftex.def Info: figures/TrueK.pdf used on input line 3169.
(pdftex.def)             Requested size: 231.2599pt x 173.44492pt.


LaTeX Warning: Reference `fig:stheads1L' on page 61 undefined on input line 317
7.

<figures/starting_heads.pdf, id=1395, 465.74pt x 362.15298pt>
File: figures/starting_heads.pdf Graphic file (type pdf)

<use figures/starting_heads.pdf>
Package pdftex.def Info: figures/starting_heads.pdf used on input line 3182.
(pdftex.def)             Requested size: 232.86943pt x 181.07603pt.

<figures/1_lay_best_pars_sigma_fixed.pdf, id=1396, 512.37924pt x 210.70518pt>
File: figures/1_lay_best_pars_sigma_fixed.pdf Graphic file (type pdf)

<use figures/1_lay_best_pars_sigma_fixed.pdf>
Package pdftex.def Info: figures/1_lay_best_pars_sigma_fixed.pdf used on input 
line 3203.
(pdftex.def)             Requested size: 358.66302pt x 147.49261pt.

<figures/1_layer_fixed_sigma_residuals.pdf, id=1397, 578.16pt x 433.62pt>
File: figures/1_layer_fixed_sigma_residuals.pdf Graphic file (type pdf)

<use figures/1_layer_fixed_sigma_residuals.pdf>
Package pdftex.def Info: figures/1_layer_fixed_sigma_residuals.pdf used on inpu
t line 3212.
(pdftex.def)             Requested size: 231.2599pt x 173.44492pt.


LaTeX Warning: `!h' float specifier changed to `!ht'.


LaTeX Warning: Reference `fig:KL1-sigfixed' on page 61 undefined on input line 
3220.


LaTeX Warning: Reference `fig:residL1-sigfixed' on page 61 undefined on input l
ine 3220.


Package natbib Warning: Citation `FienenWRR2008' on page 61 undefined on input 
line 3230.


<figures/1_lay_best_pars_sigma_estimated.pdf, id=1398, 512.37924pt x 210.70518p
t>
File: figures/1_lay_best_pars_sigma_estimated.pdf Graphic file (type pdf)
 <use figures/1_lay_best_pars_sigma_estimated.pdf>
Package pdftex.def Info: figures/1_lay_best_pars_sigma_estimated.pdf used on in
put line 3243.
(pdftex.def)             Requested size: 358.66302pt x 147.49261pt.


LaTeX Warning: `!h' float specifier changed to `!ht'.


<figures/1_layer_estimated_sigma_residuals.pdf, id=1399, 578.16pt x 451.6875pt>
File: figures/1_layer_estimated_sigma_residuals.pdf Graphic file (type pdf)
<use figures/1_layer_estimated_sigma_residuals.pdf>
Package pdftex.def Info: figures/1_layer_estimated_sigma_residuals.pdf used on 
input line 3252.
(pdftex.def)             Requested size: 231.2599pt x 180.67178pt.


LaTeX Warning: Reference `fig:KL1-sigEstimated' on page 61 undefined on input l
ine 3260.


LaTeX Warning: Reference `fig:residL1-sigEstimated' on page 61 undefined on inp
ut line 3260.


LaTeX Warning: Reference `fig:KL1-sigEstimated' on page 61 undefined on input l
ine 3267.


Underfull \vbox (badness 1917) has occurred while \output is active []

 [61

 <./figures/TrueK.pdf>] [62 <./figures/starting_heads.pdf> <./figures/1_lay_bes
t_pars_sigma_fixed.pdf

pdfTeX warning: /usr/texbin/pdflatex (file ./figures/1_lay_best_pars_sigma_fixe
d.pdf): PDF inclusion: multiple pdfs with page group included in a single page
>] [63 <./figures/1_layer_fixed_sigma_residuals.pdf> <./figures/1_lay_best_pars
_sigma_estimated.pdf>] [64 <./figures/1_layer_estimated_sigma_residuals.pdf>]pd
fTeX warning (ext4): destination with the same identifier (name{cite.FienenWRR2
008}) has been already used, duplicate ignored
<to be read again> 
                   \relax 
l.3281 ...n, Clemo, and Kitanidis}]{FienenWRR2008}
                                                   [65

] [66


] [67

] [68


]

LaTeX Warning: Reference `3Ltruek' on page 69 undefined on input line 3304.

<figures/3_layer_TRUE_K_field.pdf, id=1614, 163.61125pt x 353.98447pt>
File: figures/3_layer_TRUE_K_field.pdf Graphic file (type pdf)

<use figures/3_layer_TRUE_K_field.pdf>
Package pdftex.def Info: figures/3_layer_TRUE_K_field.pdf used on input line 33
08.
(pdftex.def)             Requested size: 163.61084pt x 353.98358pt.


LaTeX Warning: Reference `tab:3lay' on page 69 undefined on input line 3318.


LaTeX Warning: Reference `3Ltruek' on page 69 undefined on input line 3334.


Underfull \vbox (badness 2221) has occurred while \output is active []

 [69

 <./figures/3_layer_TRUE_K_field.pdf>]
<tables/3_layer_tables_for_structural_parameters.pdf, id=1649, 463.08809pt x 27
2.5332pt>
File: tables/3_layer_tables_for_structural_parameters.pdf Graphic file (type pd
f)
 <use tables/3_layer_tables_for_structural_parameters.pdf>
Package pdftex.def Info: tables/3_layer_tables_for_structural_parameters.pdf us
ed on input line 3345.
(pdftex.def)             Requested size: 416.77544pt x 245.2776pt.


LaTeX Warning: Reference `fig:3LK_case1' on page 70 undefined on input line 335
3.


LaTeX Warning: Reference `fig:3Lresid_case1' on page 70 undefined on input line
 3353.

[70 <./tables/3_layer_tables_for_structural_parameters.pdf>]
<figures/3KL_case1.pdf, id=1701, 261.97774pt x 359.67575pt>
File: figures/3KL_case1.pdf Graphic file (type pdf)

<use figures/3KL_case1.pdf>
Package pdftex.def Info: figures/3KL_case1.pdf used on input line 3364.
(pdftex.def)             Requested size: 261.97708pt x 359.67487pt.

<figures/3L_resid_case1.pdf, id=1702, 369.54964pt x 794.97pt>
File: figures/3L_resid_case1.pdf Graphic file (type pdf)

<use figures/3L_resid_case1.pdf>
Package pdftex.def Info: figures/3L_resid_case1.pdf used on input line 3373.
(pdftex.def)             Requested size: 184.77435pt x 397.48402pt.


LaTeX Warning: Reference `fig:3LK_case2' on page 71 undefined on input line 338
2.


LaTeX Warning: Reference `fig:3Lresid_case2' on page 71 undefined on input line
 3382.

<figures/3KL_case2.pdf, id=1703, 261.97774pt x 359.67575pt>
File: figures/3KL_case2.pdf Graphic file (type pdf)

<use figures/3KL_case2.pdf>
Package pdftex.def Info: figures/3KL_case2.pdf used on input line 3392.
(pdftex.def)             Requested size: 261.97708pt x 359.67487pt.

<figures/3L_resid_case2.pdf, id=1704, 369.54964pt x 794.97pt>
File: figures/3L_resid_case2.pdf Graphic file (type pdf)

<use figures/3L_resid_case2.pdf>
Package pdftex.def Info: figures/3L_resid_case2.pdf used on input line 3401.
(pdftex.def)             Requested size: 184.77435pt x 397.48402pt.


LaTeX Warning: Reference `fig:3LK_case3' on page 71 undefined on input line 341
0.


LaTeX Warning: Reference `fig:3Lresid_case3' on page 71 undefined on input line
 3410.

<figures/3KL_case3.pdf, id=1705, 261.97774pt x 359.67575pt>
File: figures/3KL_case3.pdf Graphic file (type pdf)

<use figures/3KL_case3.pdf>
Package pdftex.def Info: figures/3KL_case3.pdf used on input line 3424.
(pdftex.def)             Requested size: 261.97708pt x 359.67487pt.

<figures/3L_resid_case3.pdf, id=1706, 369.54964pt x 794.97pt>
File: figures/3L_resid_case3.pdf Graphic file (type pdf)

<use figures/3L_resid_case3.pdf>
Package pdftex.def Info: figures/3L_resid_case3.pdf used on input line 3433.
(pdftex.def)             Requested size: 184.77435pt x 397.48402pt.


LaTeX Warning: Reference `fig:3LK_case5' on page 71 undefined on input line 344
2.


LaTeX Warning: Reference `fig:3Lresid_case5' on page 71 undefined on input line
 3442.


Underfull \vbox (badness 1838) has occurred while \output is active []

 [71

 <./figures/3KL_case1.pdf>]
<figures/3KL_case5.pdf, id=1751, 261.97774pt x 359.67575pt>
File: figures/3KL_case5.pdf Graphic file (type pdf)

<use figures/3KL_case5.pdf>
Package pdftex.def Info: figures/3KL_case5.pdf used on input line 3459.
(pdftex.def)             Requested size: 261.97708pt x 359.67487pt.


LaTeX Warning: Reference `tab:3lay' on page 72 undefined on input line 3463.

<figures/3L_resid_case5.pdf, id=1752, 369.54964pt x 794.97pt>
File: figures/3L_resid_case5.pdf Graphic file (type pdf)

<use figures/3L_resid_case5.pdf>
Package pdftex.def Info: figures/3L_resid_case5.pdf used on input line 3468.
(pdftex.def)             Requested size: 184.77435pt x 397.48402pt.


LaTeX Warning: Reference `tab:3lay' on page 72 undefined on input line 3473.


LaTeX Warning: Reference `fig:3LK_case6' on page 72 undefined on input line 347
7.


LaTeX Warning: Reference `fig:3Lresid_case6' on page 72 undefined on input line
 3477.

<figures/3KL_case6.pdf, id=1753, 261.97774pt x 359.67575pt>
File: figures/3KL_case6.pdf Graphic file (type pdf)

<use figures/3KL_case6.pdf>
Package pdftex.def Info: figures/3KL_case6.pdf used on input line 3494.
(pdftex.def)             Requested size: 261.97708pt x 359.67487pt.


LaTeX Warning: Reference `tab:3lay' on page 72 undefined on input line 3498.

<figures/3L_resid_case6.pdf, id=1754, 369.54964pt x 794.97pt>
File: figures/3L_resid_case6.pdf Graphic file (type pdf)

<use figures/3L_resid_case6.pdf>
Package pdftex.def Info: figures/3L_resid_case6.pdf used on input line 3503.
(pdftex.def)             Requested size: 184.77435pt x 397.48402pt.


LaTeX Warning: Reference `tab:3lay' on page 72 undefined on input line 3508.

[72 <./figures/3L_resid_case1.pdf>] [73 <./figures/3KL_case2.pdf>] [74 <./figur
es/3L_resid_case2.pdf>] [75 <./figures/3KL_case3.pdf>] [76 <./figures/3L_resid_
case3.pdf>] [77 <./figures/3KL_case5.pdf>] [78 <./figures/3L_resid_case5.pdf>]
[79 <./figures/3KL_case6.pdf>] [80 <./figures/3L_resid_case6.pdf>] [81


]
[82


]

Package natbib Warning: Citation `doriareverserouting' on page 83 undefined on 
input line 3518.


Package natbib Warning: Citation `Basement' on page 83 undefined on input line 
3529.


LaTeX Warning: Reference `fig:Reverse-routing' on page 83 undefined on input li
ne 3547.


LaTeX Warning: Reference `tab:Reverse-routing' on page 83 undefined on input li
ne 3551.


LaTeX Warning: Reference `fig:Reverse-routing' on page 83 undefined on input li
ne 3553.


LaTeX Warning: Reference `fig:Reverse-routing' on page 83 undefined on input li
ne 3555.


LaTeX Warning: Reference `tab:Reverse-routing' on page 83 undefined on input li
ne 3559.



pdfTeX warning: /usr/texbin/pdflatex (file ./figures/Reverse_Routing.pdf): PDF 
inclusion: found PDF version <1.6>, but at most version <1.5> allowed
<figures/Reverse_Routing.pdf, id=2087, 418.08194pt x 325.33545pt>
File: figures/Reverse_Routing.pdf Graphic file (type pdf)

<use figures/Reverse_Routing.pdf>
Package pdftex.def Info: figures/Reverse_Routing.pdf used on input line 3563.
(pdftex.def)             Requested size: 376.27025pt x 292.79918pt.
 [83

] [84 <./figures/Reverse_Routing.pdf>]
[85



] [86]

Package natbib Warning: There were undefined citations.

Package atveryend Info: Empty hook `BeforeClearDocument' on input line 3673.
Package atveryend Info: Empty hook `AfterLastShipout' on input line 3673.
(./bgaPEST_post_ed.aux

Package natbib Warning: Citation(s) may have changed.
(natbib)                Rerun to get citations correct.

)
Package atveryend Info: Executing hook `AtVeryEndDocument' on input line 3673.
Package atveryend Info: Executing hook `AtEndAfterFileList' on input line 3673.

Package rerunfilecheck Info: File `bgaPEST_post_ed.out' has not changed.
(rerunfilecheck)             Checksum: 6F0E0276BE6018ED9BC946536A2A6179;6274.


LaTeX Font Warning: Size substitutions with differences
(Font)              up to 1.0pt have occurred.


LaTeX Font Warning: Some font shapes were not available, defaults substituted.


LaTeX Warning: There were undefined references.


LaTeX Warning: Label(s) may have changed. Rerun to get cross-references right.

Package atveryend Info: Empty hook `AtVeryVeryEnd' on input line 3673.
 ) 
Here is how much of TeX's memory you used:
 10978 strings out of 493488
 164966 string characters out of 3141326
 261997 words of memory out of 3000000
 13594 multiletter control sequences out of 15000+200000
 101065 words of font info for 217 fonts, out of 3000000 for 9000
 957 hyphenation exceptions out of 8191
 49i,15n,47p,724b,704s stack positions out of 5000i,500n,10000p,200000b,50000s
{/usr/local/texlive/2012/texmf-dist/fonts/enc/dvips/base/8r.enc}</usr/local/t
exlive/2012/texmf-dist/fonts/type1/public/amsfonts/cm/cmex10.pfb></usr/local/te
xlive/2012/texmf-dist/fonts/type1/public/amsfonts/cm/cmmi10.pfb></usr/local/tex
live/2012/texmf-dist/fonts/type1/public/amsfonts/cm/cmmi12.pfb></usr/local/texl
ive/2012/texmf-dist/fonts/type1/public/amsfonts/cm/cmmi8.pfb></usr/local/texliv
e/2012/texmf-dist/fonts/type1/public/amsfonts/cm/cmr10.pfb></usr/local/texlive/
2012/texmf-dist/fonts/type1/public/amsfonts/cm/cmr8.pfb></usr/local/texlive/201
2/texmf-dist/fonts/type1/public/amsfonts/cm/cmsy10.pfb></usr/local/texlive/2012
/texmf-dist/fonts/type1/public/amsfonts/cm/cmsy6.pfb></usr/local/texlive/2012/t
exmf-dist/fonts/type1/public/amsfonts/cm/cmtt10.pfb></usr/local/texlive/2012/te
xmf-dist/fonts/type1/public/amsfonts/cm/cmtt12.pfb></Users/mnfienen/Library/tex
mf/fonts/type1/funivers/funb8a.pfb></Users/mnfienen/Library/texmf/fonts/type1/f
univers/funl8a.pfb></Users/mnfienen/Library/texmf/fonts/type1/funivers/funlo8a.
pfb></Users/mnfienen/Library/texmf/fonts/type1/funivers/funr8a.pfb></usr/local/
texlive/2012/texmf-dist/fonts/type1/urw/symbol/usyr.pfb></usr/local/texlive/201
2/texmf-dist/fonts/type1/urw/symbol/usyr.pfb></usr/local/texlive/2012/texmf-dis
t/fonts/type1/urw/times/utmb8a.pfb></usr/local/texlive/2012/texmf-dist/fonts/ty
pe1/urw/times/utmbi8a.pfb></usr/local/texlive/2012/texmf-dist/fonts/type1/urw/t
imes/utmr8a.pfb></usr/local/texlive/2012/texmf-dist/fonts/type1/urw/times/utmri
8a.pfb>
Output written on bgaPEST_post_ed.pdf (90 pages, 5716752 bytes).
PDF statistics:
 2244 PDF objects out of 2487 (max. 8388607)
 1385 compressed objects within 14 object streams
 338 named destinations out of 1000 (max. 500000)
 749 words of extra memory for PDF output out of 10000 (max. 10000000)

